2022-05-25 17:13:43 crtsurfdata2 开始运行。
2022-05-25 17:13:43 provname = 安徽, siteid = 58015, sitename = 砀山, lat = 34.27, lon = 116.20, height = 44.20
2022-05-25 17:13:43 provname = 安徽, siteid = 58102, sitename = 亳州, lat = 33.47, lon = 115.44, height = 39.10
2022-05-25 17:13:43 provname = 安徽, siteid = 58118, sitename = 蒙城, lat = 33.16, lon = 116.31, height = 10.30
2022-05-25 17:13:43 provname = 安徽, siteid = 58122, sitename = 宿州, lat = 33.38, lon = 116.59, height = 25.90
2022-05-25 17:13:43 provname = 安徽, siteid = 58203, sitename = 阜阳, lat = 32.52, lon = 115.44, height = 32.70
2022-05-25 17:13:43 provname = 安徽, siteid = 58215, sitename = 寿县, lat = 32.26, lon = 116.47, height = 25.70
2022-05-25 17:13:43 provname = 安徽, siteid = 58221, sitename = 蚌埠, lat = 32.51, lon = 117.18, height = 26.80
2022-05-25 17:13:43 provname = 安徽, siteid = 58225, sitename = 定远, lat = 32.32, lon = 117.40, height = 69.60
2022-05-25 17:13:43 provname = 安徽, siteid = 58236, sitename = 滁州, lat = 32.21, lon = 118.15, height = 33.50
2022-05-25 17:13:43 provname = 安徽, siteid = 58311, sitename = 六安, lat = 31.44, lon = 116.30, height = 74.10
2022-05-25 17:13:43 provname = 安徽, siteid = 58314, sitename = 霍山, lat = 31.24, lon = 116.19, height = 86.40
2022-05-25 17:13:43 provname = 安徽, siteid = 58319, sitename = 桐城, lat = 31.04, lon = 116.57, height = 85.40
2022-05-25 17:13:43 provname = 安徽, siteid = 58321, sitename = 合肥, lat = 31.47, lon = 117.18, height = 27.00
2022-05-25 17:13:43 provname = 安徽, siteid = 58326, sitename = 巢湖, lat = 31.35, lon = 117.50, height = 30.90
2022-05-25 17:13:43 provname = 安徽, siteid = 58336, sitename = 马鞍山, lat = 31.42, lon = 118.34, height = 80.00
2022-05-25 17:13:43 provname = 安徽, siteid = 58338, sitename = 芜湖县, lat = 31.07, lon = 118.36, height = 40.00
2022-05-25 17:13:43 provname = 安徽, siteid = 58414, sitename = 太湖, lat = 30.26, lon = 116.19, height = 105.10
2022-05-25 17:13:43 provname = 安徽, siteid = 58419, sitename = 东至, lat = 30.06, lon = 117.01, height = 17.60
2022-05-25 17:13:43 provname = 安徽, siteid = 58424, sitename = 安庆, lat = 30.37, lon = 116.58, height = 62.00
2022-05-25 17:13:43 provname = 安徽, siteid = 58429, sitename = 铜陵, lat = 30.59, lon = 117.51, height = 11.00
2022-05-25 17:13:43 provname = 安徽, siteid = 58436, sitename = 宁国, lat = 30.37, lon = 118.59, height = 87.30
2022-05-25 17:13:43 provname = 安徽, siteid = 58437, sitename = 黄山, lat = 30.08, lon = 118.09, height = 1840.40
2022-05-25 17:13:43 provname = 安徽, siteid = 58520, sitename = 祁门, lat = 29.51, lon = 117.43, height = 142.00
2022-05-25 17:13:43 provname = 安徽, siteid = 58531, sitename = 屯溪, lat = 29.43, lon = 118.17, height = 142.70
2022-05-25 17:13:43 provname = 北京, siteid = 54406, sitename = 延庆, lat = 40.27, lon = 115.58, height = 487.90
2022-05-25 17:13:43 provname = 北京, siteid = 54416, sitename = 密云, lat = 40.23, lon = 116.52, height = 71.80
2022-05-25 17:13:43 provname = 北京, siteid = 54511, sitename = 北京, lat = 39.48, lon = 116.28, height = 31.30
2022-05-25 17:13:43 provname = 福建, siteid = 58725, sitename = 邵武, lat = 27.20, lon = 117.28, height = 218.00
2022-05-25 17:13:43 provname = 福建, siteid = 58730, sitename = 武夷山, lat = 27.46, lon = 118.02, height = 222.10
2022-05-25 17:13:43 provname = 福建, siteid = 58731, sitename = 浦城, lat = 27.55, lon = 118.32, height = 276.90
2022-05-25 17:13:43 provname = 福建, siteid = 58734, sitename = 建阳, lat = 27.20, lon = 118.07, height = 196.90
2022-05-25 17:13:43 provname = 福建, siteid = 58737, sitename = 建瓯, lat = 27.03, lon = 118.19, height = 154.90
2022-05-25 17:13:43 provname = 福建, siteid = 58744, sitename = 寿宁, lat = 27.27, lon = 119.25, height = 815.90
2022-05-25 17:13:43 provname = 福建, siteid = 58754, sitename = 福鼎, lat = 27.20, lon = 120.12, height = 36.20
2022-05-25 17:13:43 provname = 福建, siteid = 58818, sitename = 宁化, lat = 26.14, lon = 116.38, height = 358.90
2022-05-25 17:13:43 provname = 福建, siteid = 58820, sitename = 泰宁, lat = 26.54, lon = 117.10, height = 342.90
2022-05-25 17:13:43 provname = 福建, siteid = 58834, sitename = 南平, lat = 26.38, lon = 118.10, height = 152.20
2022-05-25 17:13:43 provname = 福建, siteid = 58837, sitename = 尤溪, lat = 26.09, lon = 118.09, height = 204.80
2022-05-25 17:13:43 provname = 福建, siteid = 58843, sitename = 霞浦, lat = 26.53, lon = 120.01, height = 56.80
2022-05-25 17:13:43 provname = 福建, siteid = 58846, sitename = 宁德, lat = 26.40, lon = 119.31, height = 32.40
2022-05-25 17:13:43 provname = 福建, siteid = 58847, sitename = 福州, lat = 26.05, lon = 119.17, height = 84.00
2022-05-25 17:13:43 provname = 福建, siteid = 58911, sitename = 长汀, lat = 25.51, lon = 116.22, height = 310.00
2022-05-25 17:13:43 provname = 福建, siteid = 58918, sitename = 上杭, lat = 25.03, lon = 116.25, height = 198.00
2022-05-25 17:13:43 provname = 福建, siteid = 58921, sitename = 永安, lat = 25.58, lon = 117.21, height = 206.00
2022-05-25 17:13:43 provname = 福建, siteid = 58926, sitename = 漳平, lat = 25.18, lon = 117.25, height = 205.30
2022-05-25 17:13:43 provname = 福建, siteid = 58927, sitename = 龙岩, lat = 25.03, lon = 117.01, height = 376.00
2022-05-25 17:13:43 provname = 福建, siteid = 58931, sitename = 九仙山, lat = 25.43, lon = 118.06, height = 1653.50
2022-05-25 17:13:43 provname = 福建, siteid = 58933, sitename = 屏南, lat = 26.55, lon = 118.59, height = 869.50
2022-05-25 17:13:43 provname = 福建, siteid = 58936, sitename = 仙游, lat = 25.22, lon = 118.42, height = 77.70
2022-05-25 17:13:43 provname = 福建, siteid = 58944, sitename = 平潭, lat = 25.31, lon = 119.47, height = 32.40
2022-05-25 17:13:43 provname = 福建, siteid = 59113, sitename = 永定, lat = 24.44, lon = 116.43, height = 226.90
2022-05-25 17:13:43 provname = 福建, siteid = 59126, sitename = 漳州, lat = 24.30, lon = 117.39, height = 28.90
2022-05-25 17:13:43 provname = 福建, siteid = 59133, sitename = 崇武, lat = 24.54, lon = 118.55, height = 21.80
2022-05-25 17:13:43 provname = 福建, siteid = 59134, sitename = 厦门, lat = 24.29, lon = 118.04, height = 139.40
2022-05-25 17:13:43 provname = 福建, siteid = 59321, sitename = 东山, lat = 23.47, lon = 117.30, height = 53.30
2022-05-25 17:13:43 provname = 甘肃, siteid = 52323, sitename = 马鬃山, lat = 41.48, lon = 97.02, height = 1770.40
2022-05-25 17:13:43 provname = 甘肃, siteid = 52418, sitename = 敦煌, lat = 40.09, lon = 94.41, height = 1139.00
2022-05-25 17:13:43 provname = 甘肃, siteid = 52424, sitename = 瓜州, lat = 40.32, lon = 95.47, height = 1170.90
2022-05-25 17:13:43 provname = 甘肃, siteid = 52436, sitename = 玉门镇, lat = 40.16, lon = 97.02, height = 1526.00
2022-05-25 17:13:43 provname = 甘肃, siteid = 52446, sitename = 鼎新, lat = 40.18, lon = 99.31, height = 1177.40
2022-05-25 17:13:43 provname = 甘肃, siteid = 52447, sitename = 金塔, lat = 40.00, lon = 98.53, height = 1270.50
2022-05-25 17:13:43 provname = 甘肃, siteid = 52533, sitename = 酒泉, lat = 39.46, lon = 98.29, height = 1477.20
2022-05-25 17:13:43 provname = 甘肃, siteid = 52546, sitename = 高台, lat = 39.22, lon = 99.50, height = 1332.20
2022-05-25 17:13:43 provname = 甘肃, siteid = 52652, sitename = 张掖, lat = 39.05, lon = 100.17, height = 1461.10
2022-05-25 17:13:43 provname = 甘肃, siteid = 52661, sitename = 山丹, lat = 38.48, lon = 101.05, height = 1765.50
2022-05-25 17:13:43 provname = 甘肃, siteid = 52674, sitename = 永昌, lat = 38.13, lon = 101.56, height = 2093.90
2022-05-25 17:13:43 provname = 甘肃, siteid = 52679, sitename = 武威, lat = 37.55, lon = 102.40, height = 1531.50
2022-05-25 17:13:43 provname = 甘肃, siteid = 52681, sitename = 民勤, lat = 38.38, lon = 103.05, height = 1367.50
2022-05-25 17:13:43 provname = 甘肃, siteid = 52787, sitename = 乌鞘岭, lat = 37.12, lon = 102.52, height = 3045.10
2022-05-25 17:13:43 provname = 甘肃, siteid = 52797, sitename = 景泰, lat = 37.11, lon = 104.03, height = 1630.90
2022-05-25 17:13:43 provname = 甘肃, siteid = 52884, sitename = 皋兰, lat = 36.21, lon = 103.57, height = 1668.50
2022-05-25 17:13:43 provname = 甘肃, siteid = 52895, sitename = 靖远, lat = 36.34, lon = 104.41, height = 1398.20
2022-05-25 17:13:43 provname = 甘肃, siteid = 52983, sitename = 榆中, lat = 35.52, lon = 104.09, height = 1874.40
2022-05-25 17:13:43 provname = 甘肃, siteid = 52984, sitename = 临夏, lat = 35.35, lon = 103.11, height = 1917.20
2022-05-25 17:13:43 provname = 甘肃, siteid = 52986, sitename = 临洮, lat = 35.22, lon = 103.52, height = 1893.80
2022-05-25 17:13:43 provname = 甘肃, siteid = 52996, sitename = 华家岭, lat = 35.23, lon = 105.01, height = 2450.60
2022-05-25 17:13:43 provname = 甘肃, siteid = 53821, sitename = 环县, lat = 36.34, lon = 107.18, height = 1255.60
2022-05-25 17:13:43 provname = 甘肃, siteid = 53915, sitename = 崆峒, lat = 35.33, lon = 106.40, height = 1346.60
2022-05-25 17:13:43 provname = 甘肃, siteid = 53923, sitename = 西峰, lat = 35.44, lon = 107.38, height = 1421.00
2022-05-25 17:13:43 provname = 甘肃, siteid = 56074, sitename = 玛曲, lat = 34.00, lon = 102.05, height = 3471.40
2022-05-25 17:13:43 provname = 甘肃, siteid = 56080, sitename = 合作, lat = 35.00, lon = 102.54, height = 2910.00
2022-05-25 17:13:43 provname = 甘肃, siteid = 56093, sitename = 岷县, lat = 34.26, lon = 104.01, height = 2315.00
2022-05-25 17:13:43 provname = 甘肃, siteid = 56096, sitename = 武都, lat = 33.24, lon = 104.55, height = 1079.10
2022-05-25 17:13:43 provname = 甘肃, siteid = 57014, sitename = 麦积, lat = 34.34, lon = 105.52, height = 1085.20
2022-05-25 17:13:43 provname = 广东, siteid = 57996, sitename = 南雄, lat = 25.05, lon = 114.15, height = 149.70
2022-05-25 17:13:43 provname = 广东, siteid = 59072, sitename = 连州, lat = 24.49, lon = 112.22, height = 131.70
2022-05-25 17:13:43 provname = 广东, siteid = 59082, sitename = 韶关, lat = 24.40, lon = 113.36, height = 121.30
2022-05-25 17:13:43 provname = 广东, siteid = 59087, sitename = 佛冈, lat = 23.53, lon = 113.31, height = 97.20
2022-05-25 17:13:43 provname = 广东, siteid = 59088, sitename = 英德, lat = 24.11, lon = 113.25, height = 74.40
2022-05-25 17:13:43 provname = 广东, siteid = 59096, sitename = 连平, lat = 24.22, lon = 114.29, height = 215.20
2022-05-25 17:13:43 provname = 广东, siteid = 59097, sitename = 新丰, lat = 24.03, lon = 114.12, height = 199.30
2022-05-25 17:13:43 provname = 广东, siteid = 59107, sitename = 龙川, lat = 24.07, lon = 115.17, height = 179.60
2022-05-25 17:13:43 provname = 广东, siteid = 59116, sitename = 大埔, lat = 24.21, lon = 116.42, height = 80.10
2022-05-25 17:13:43 provname = 广东, siteid = 59117, sitename = 梅县, lat = 24.17, lon = 116.04, height = 116.00
2022-05-25 17:13:43 provname = 广东, siteid = 59271, sitename = 广宁, lat = 23.38, lon = 112.25, height = 92.70
2022-05-25 17:13:43 provname = 广东, siteid = 59278, sitename = 高要, lat = 22.59, lon = 112.29, height = 60.00
2022-05-25 17:13:43 provname = 广东, siteid = 59280, sitename = 清远, lat = 23.43, lon = 113.05, height = 79.20
2022-05-25 17:13:43 provname = 广东, siteid = 59287, sitename = 广州, lat = 23.13, lon = 113.29, height = 70.70
2022-05-25 17:13:43 provname = 广东, siteid = 59289, sitename = 东莞, lat = 22.58, lon = 113.44, height = 56.00
2022-05-25 17:13:43 provname = 广东, siteid = 59293, sitename = 河源, lat = 23.48, lon = 114.44, height = 71.10
2022-05-25 17:13:43 provname = 广东, siteid = 59294, sitename = 增城, lat = 23.20, lon = 113.50, height = 30.80
2022-05-25 17:13:43 provname = 广东, siteid = 59298, sitename = 惠阳, lat = 23.04, lon = 114.22, height = 108.50
2022-05-25 17:13:43 provname = 广东, siteid = 59303, sitename = 五华, lat = 23.55, lon = 115.45, height = 135.90
2022-05-25 17:13:43 provname = 广东, siteid = 59304, sitename = 紫金, lat = 23.38, lon = 115.11, height = 176.60
2022-05-25 17:13:43 provname = 广东, siteid = 59306, sitename = 揭西, lat = 23.27, lon = 115.51, height = 80.90
2022-05-25 17:13:43 provname = 广东, siteid = 59310, sitename = 丰顺, lat = 23.46, lon = 116.10, height = 45.30
2022-05-25 17:13:43 provname = 广东, siteid = 59316, sitename = 汕头, lat = 23.23, lon = 116.41, height = 2.30
2022-05-25 17:13:43 provname = 广东, siteid = 59317, sitename = 惠来, lat = 22.59, lon = 116.18, height = 42.00
2022-05-25 17:13:43 provname = 广东, siteid = 59324, sitename = 南澳, lat = 23.26, lon = 117.02, height = 8.00
2022-05-25 17:13:43 provname = 广东, siteid = 59456, sitename = 信宜, lat = 22.21, lon = 110.56, height = 141.40
2022-05-25 17:13:43 provname = 广东, siteid = 59462, sitename = 罗定, lat = 22.43, lon = 111.36, height = 60.00
2022-05-25 17:13:43 provname = 广东, siteid = 59478, sitename = 台山, lat = 22.15, lon = 112.47, height = 33.10
2022-05-25 17:13:43 provname = 广东, siteid = 59485, sitename = 中山, lat = 22.31, lon = 113.24, height = 33.70
2022-05-25 17:13:43 provname = 广东, siteid = 59488, sitename = 珠海, lat = 22.17, lon = 113.34, height = 51.40
2022-05-25 17:13:43 provname = 广东, siteid = 59493, sitename = 深圳, lat = 22.33, lon = 114.00, height = 63.00
2022-05-25 17:13:43 provname = 广东, siteid = 59501, sitename = 汕尾, lat = 22.48, lon = 115.22, height = 17.30
2022-05-25 17:13:43 provname = 广东, siteid = 59658, sitename = 湛江, lat = 21.09, lon = 110.18, height = 53.40
2022-05-25 17:13:43 provname = 广东, siteid = 59663, sitename = 阳江, lat = 21.51, lon = 111.59, height = 90.30
2022-05-25 17:13:43 provname = 广东, siteid = 59664, sitename = 电白, lat = 21.33, lon = 110.59, height = 31.80
2022-05-25 17:13:43 provname = 广东, siteid = 59673, sitename = 上川岛, lat = 21.44, lon = 112.46, height = 21.90
2022-05-25 17:13:43 provname = 广东, siteid = 59754, sitename = 徐闻, lat = 20.20, lon = 110.11, height = 56.20
2022-05-25 17:13:43 provname = 广西, siteid = 57947, sitename = 融安, lat = 25.13, lon = 109.24, height = 121.30
2022-05-25 17:13:43 provname = 广西, siteid = 57957, sitename = 桂林, lat = 25.19, lon = 110.18, height = 164.40
2022-05-25 17:13:43 provname = 广西, siteid = 57958, sitename = 雁山, lat = 25.05, lon = 110.19, height = 151.30
2022-05-25 17:13:43 provname = 广西, siteid = 59021, sitename = 凤山, lat = 24.33, lon = 107.02, height = 509.40
2022-05-25 17:13:43 provname = 广西, siteid = 59023, sitename = 河池, lat = 24.42, lon = 108.02, height = 260.20
2022-05-25 17:13:43 provname = 广西, siteid = 59027, sitename = 巴马, lat = 24.08, lon = 107.15, height = 254.90
2022-05-25 17:13:43 provname = 广西, siteid = 59037, sitename = 都安, lat = 23.56, lon = 108.06, height = 170.80
2022-05-25 17:13:43 provname = 广西, siteid = 59046, sitename = 柳州, lat = 24.21, lon = 109.24, height = 96.80
2022-05-25 17:13:43 provname = 广西, siteid = 59058, sitename = 蒙山, lat = 24.12, lon = 110.31, height = 181.90
2022-05-25 17:13:43 provname = 广西, siteid = 59065, sitename = 八步, lat = 24.25, lon = 111.30, height = 148.70
2022-05-25 17:13:43 provname = 广西, siteid = 59209, sitename = 那坡, lat = 23.25, lon = 105.50, height = 794.10
2022-05-25 17:13:43 provname = 广西, siteid = 59211, sitename = 百色, lat = 23.54, lon = 106.36, height = 174.70
2022-05-25 17:13:43 provname = 广西, siteid = 59218, sitename = 靖西, lat = 23.08, lon = 106.25, height = 739.90
2022-05-25 17:13:43 provname = 广西, siteid = 59228, sitename = 平果, lat = 23.19, lon = 107.35, height = 108.80
2022-05-25 17:13:43 provname = 广西, siteid = 59242, sitename = 来宾, lat = 23.46, lon = 109.09, height = 96.70
2022-05-25 17:13:43 provname = 广西, siteid = 59254, sitename = 桂平, lat = 23.24, lon = 110.05, height = 42.50
2022-05-25 17:13:43 provname = 广西, siteid = 59265, sitename = 梧州, lat = 23.29, lon = 111.18, height = 114.80
2022-05-25 17:13:43 provname = 广西, siteid = 59417, sitename = 龙州, lat = 22.20, lon = 106.51, height = 130.00
2022-05-25 17:13:43 provname = 广西, siteid = 59431, sitename = 南宁, lat = 22.38, lon = 108.13, height = 121.60
2022-05-25 17:13:43 provname = 广西, siteid = 59446, sitename = 灵山, lat = 22.25, lon = 109.18, height = 66.60
2022-05-25 17:13:43 provname = 广西, siteid = 59453, sitename = 玉林, lat = 22.40, lon = 110.07, height = 121.60
2022-05-25 17:13:43 provname = 广西, siteid = 59626, sitename = 东兴, lat = 21.34, lon = 107.57, height = 56.80
2022-05-25 17:13:43 provname = 广西, siteid = 59631, sitename = 防城, lat = 21.47, lon = 108.21, height = 32.40
2022-05-25 17:13:43 provname = 广西, siteid = 59632, sitename = 钦州, lat = 21.59, lon = 108.36, height = 49.20
2022-05-25 17:13:43 provname = 广西, siteid = 59644, sitename = 北海, lat = 21.27, lon = 109.08, height = 12.80
2022-05-25 17:13:43 provname = 广西, siteid = 59647, sitename = 涠洲岛, lat = 21.02, lon = 109.06, height = 55.20
2022-05-25 17:13:43 provname = 贵州, siteid = 56691, sitename = 威宁, lat = 26.52, lon = 104.17, height = 2237.50
2022-05-25 17:13:43 provname = 贵州, siteid = 56693, sitename = 水城, lat = 26.35, lon = 104.52, height = 1815.90
2022-05-25 17:13:43 provname = 贵州, siteid = 56792, sitename = 普安, lat = 25.47, lon = 104.58, height = 1649.40
2022-05-25 17:13:43 provname = 贵州, siteid = 56793, sitename = 盘县, lat = 25.43, lon = 104.28, height = 1800.00
2022-05-25 17:13:43 provname = 贵州, siteid = 57606, sitename = 桐梓, lat = 28.08, lon = 106.50, height = 972.00
2022-05-25 17:13:43 provname = 贵州, siteid = 57614, sitename = 习水, lat = 28.20, lon = 106.13, height = 1180.20
2022-05-25 17:13:43 provname = 贵州, siteid = 57625, sitename = 正安, lat = 28.33, lon = 107.27, height = 679.70
2022-05-25 17:13:43 provname = 贵州, siteid = 57647, sitename = 松桃, lat = 28.09, lon = 109.11, height = 406.10
2022-05-25 17:13:43 provname = 贵州, siteid = 57707, sitename = 毕节, lat = 27.18, lon = 105.17, height = 1510.60
2022-05-25 17:13:43 provname = 贵州, siteid = 57710, sitename = 仁怀, lat = 27.48, lon = 106.24, height = 890.30
2022-05-25 17:13:43 provname = 贵州, siteid = 57712, sitename = 汇川, lat = 27.44, lon = 106.57, height = 983.50
2022-05-25 17:13:43 provname = 贵州, siteid = 57718, sitename = 息烽, lat = 27.06, lon = 106.43, height = 1112.10
2022-05-25 17:13:43 provname = 贵州, siteid = 57722, sitename = 湄潭, lat = 27.46, lon = 107.28, height = 792.20
2022-05-25 17:13:43 provname = 贵州, siteid = 57729, sitename = 余庆, lat = 27.14, lon = 107.53, height = 622.10
2022-05-25 17:13:43 provname = 贵州, siteid = 57731, sitename = 思南, lat = 27.57, lon = 108.15, height = 416.80
2022-05-25 17:13:43 provname = 贵州, siteid = 57741, sitename = 铜仁, lat = 27.43, lon = 109.10, height = 353.20
2022-05-25 17:13:43 provname = 贵州, siteid = 57803, sitename = 黔西, lat = 27.02, lon = 106.01, height = 1231.40
2022-05-25 17:13:43 provname = 贵州, siteid = 57805, sitename = 织金, lat = 26.41, lon = 105.46, height = 1319.30
2022-05-25 17:13:43 provname = 贵州, siteid = 57806, sitename = 安顺, lat = 26.15, lon = 105.54, height = 1431.10
2022-05-25 17:13:43 provname = 贵州, siteid = 57816, sitename = 贵阳, lat = 26.35, lon = 106.44, height = 1223.80
2022-05-25 17:13:43 provname = 贵州, siteid = 57825, sitename = 凯里, lat = 26.36, lon = 107.59, height = 720.30
2022-05-25 17:13:43 provname = 贵州, siteid = 57827, sitename = 都匀, lat = 26.19, lon = 107.32, height = 969.10
2022-05-25 17:13:43 provname = 贵州, siteid = 57832, sitename = 三穗, lat = 26.58, lon = 108.40, height = 626.90
2022-05-25 17:13:43 provname = 贵州, siteid = 57839, sitename = 黎平, lat = 26.14, lon = 109.08, height = 568.80
2022-05-25 17:13:43 provname = 贵州, siteid = 57840, sitename = 天柱, lat = 26.54, lon = 109.12, height = 401.40
2022-05-25 17:13:43 provname = 贵州, siteid = 57902, sitename = 兴仁, lat = 25.26, lon = 105.11, height = 1378.50
2022-05-25 17:13:43 provname = 贵州, siteid = 57906, sitename = 望谟, lat = 25.11, lon = 106.05, height = 566.80
2022-05-25 17:13:43 provname = 贵州, siteid = 57907, sitename = 兴义, lat = 25.05, lon = 104.54, height = 1299.60
2022-05-25 17:13:43 provname = 贵州, siteid = 57910, sitename = 紫云, lat = 25.46, lon = 106.05, height = 1197.60
2022-05-25 17:13:43 provname = 贵州, siteid = 57912, sitename = 惠水, lat = 26.08, lon = 106.38, height = 990.90
2022-05-25 17:13:43 provname = 贵州, siteid = 57916, sitename = 罗甸, lat = 25.26, lon = 106.46, height = 440.30
2022-05-25 17:13:43 provname = 贵州, siteid = 57922, sitename = 独山, lat = 25.50, lon = 107.33, height = 1013.30
2022-05-25 17:13:43 provname = 贵州, siteid = 57926, sitename = 荔波, lat = 25.25, lon = 107.53, height = 428.70
2022-05-25 17:13:43 provname = 贵州, siteid = 57932, sitename = 榕江, lat = 25.56, lon = 108.31, height = 285.70
2022-05-25 17:13:43 provname = 海南, siteid = 59758, sitename = 海口, lat = 20.00, lon = 110.15, height = 63.50
2022-05-25 17:13:43 provname = 海南, siteid = 59838, sitename = 东方, lat = 19.06, lon = 108.37, height = 7.60
2022-05-25 17:13:43 provname = 海南, siteid = 59845, sitename = 儋州, lat = 19.31, lon = 109.35, height = 169.00
2022-05-25 17:13:43 provname = 海南, siteid = 59849, sitename = 琼中, lat = 19.02, lon = 109.50, height = 250.90
2022-05-25 17:13:43 provname = 海南, siteid = 59855, sitename = 琼海, lat = 19.14, lon = 110.28, height = 24.00
2022-05-25 17:13:43 provname = 海南, siteid = 59948, sitename = 三亚, lat = 18.13, lon = 109.35, height = 419.40
2022-05-25 17:13:43 provname = 海南, siteid = 59954, sitename = 陵水, lat = 18.33, lon = 110.02, height = 35.20
2022-05-25 17:13:43 provname = 海南, siteid = 59981, sitename = 西沙, lat = 16.50, lon = 112.20, height = 4.70
2022-05-25 17:13:43 provname = 河北, siteid = 53399, sitename = 张北, lat = 41.09, lon = 114.42, height = 1393.30
2022-05-25 17:13:43 provname = 河北, siteid = 53593, sitename = 蔚县, lat = 39.50, lon = 114.34, height = 909.50
2022-05-25 17:13:43 provname = 河北, siteid = 53698, sitename = 石家庄, lat = 38.04, lon = 114.21, height = 103.60
2022-05-25 17:13:43 provname = 河北, siteid = 53798, sitename = 邢台, lat = 37.11, lon = 114.22, height = 183.00
2022-05-25 17:13:43 provname = 河北, siteid = 54308, sitename = 丰宁, lat = 41.12, lon = 116.38, height = 735.10
2022-05-25 17:13:43 provname = 河北, siteid = 54311, sitename = 围场, lat = 41.58, lon = 117.46, height = 892.70
2022-05-25 17:13:43 provname = 河北, siteid = 54401, sitename = 张家口, lat = 40.46, lon = 114.55, height = 772.80
2022-05-25 17:13:43 provname = 河北, siteid = 54405, sitename = 怀来, lat = 40.25, lon = 115.30, height = 570.90
2022-05-25 17:13:43 provname = 河北, siteid = 54423, sitename = 承德, lat = 40.58, lon = 117.55, height = 422.30
2022-05-25 17:13:43 provname = 河北, siteid = 54429, sitename = 遵化, lat = 40.12, lon = 117.57, height = 54.90
2022-05-25 17:13:43 provname = 河北, siteid = 54436, sitename = 青龙, lat = 40.25, lon = 118.57, height = 254.30
2022-05-25 17:13:43 provname = 河北, siteid = 54449, sitename = 秦皇岛, lat = 39.51, lon = 119.31, height = 2.40
2022-05-25 17:13:43 provname = 河北, siteid = 54518, sitename = 霸州, lat = 39.10, lon = 116.24, height = 8.90
2022-05-25 17:13:43 provname = 河北, siteid = 54534, sitename = 唐山, lat = 39.39, lon = 118.06, height = 23.20
2022-05-25 17:13:43 provname = 河北, siteid = 54535, sitename = 唐海, lat = 39.17, lon = 118.28, height = 3.20
2022-05-25 17:13:43 provname = 河北, siteid = 54539, sitename = 乐亭, lat = 39.26, lon = 118.53, height = 8.50
2022-05-25 17:13:43 provname = 河北, siteid = 54602, sitename = 保定, lat = 38.44, lon = 115.29, height = 16.80
2022-05-25 17:13:43 provname = 河北, siteid = 54606, sitename = 饶阳, lat = 38.14, lon = 115.44, height = 17.90
2022-05-25 17:13:43 provname = 河北, siteid = 54618, sitename = 泊头, lat = 38.05, lon = 116.33, height = 13.20
2022-05-25 17:13:43 provname = 河北, siteid = 54624, sitename = 黄骅, lat = 38.24, lon = 117.19, height = 4.50
2022-05-25 17:13:43 provname = 河北, siteid = 54705, sitename = 南宫, lat = 37.22, lon = 115.23, height = 27.40
2022-05-25 17:13:43 provname = 河南, siteid = 53898, sitename = 安阳, lat = 36.03, lon = 114.08, height = 194.80
2022-05-25 17:13:43 provname = 河南, siteid = 53986, sitename = 新乡, lat = 35.19, lon = 113.53, height = 73.20
2022-05-25 17:13:43 provname = 河南, siteid = 57051, sitename = 三门峡, lat = 34.48, lon = 111.12, height = 409.90
2022-05-25 17:13:43 provname = 河南, siteid = 57067, sitename = 卢氏, lat = 34.05, lon = 111.04, height = 658.50
2022-05-25 17:13:43 provname = 河南, siteid = 57071, sitename = 孟津, lat = 34.49, lon = 112.26, height = 333.30
2022-05-25 17:13:43 provname = 河南, siteid = 57077, sitename = 栾川, lat = 33.47, lon = 111.39, height = 742.40
2022-05-25 17:13:43 provname = 河南, siteid = 57083, sitename = 郑州, lat = 34.43, lon = 113.39, height = 110.40
2022-05-25 17:13:43 provname = 河南, siteid = 57084, sitename = 嵩山, lat = 34.30, lon = 113.03, height = 1178.40
2022-05-25 17:13:43 provname = 河南, siteid = 57089, sitename = 许昌, lat = 34.04, lon = 113.56, height = 67.20
2022-05-25 17:13:43 provname = 河南, siteid = 57091, sitename = 开封, lat = 34.47, lon = 114.18, height = 73.70
2022-05-25 17:13:43 provname = 河南, siteid = 57156, sitename = 西峡, lat = 33.18, lon = 111.30, height = 250.30
2022-05-25 17:13:43 provname = 河南, siteid = 57178, sitename = 南阳, lat = 33.06, lon = 112.29, height = 180.60
2022-05-25 17:13:43 provname = 河南, siteid = 57181, sitename = 宝丰, lat = 33.53, lon = 113.03, height = 136.40
2022-05-25 17:13:43 provname = 河南, siteid = 57193, sitename = 西华, lat = 33.47, lon = 114.31, height = 52.60
2022-05-25 17:13:43 provname = 河南, siteid = 57285, sitename = 桐柏, lat = 32.23, lon = 113.25, height = 153.00
2022-05-25 17:13:43 provname = 河南, siteid = 57290, sitename = 驻马店, lat = 32.56, lon = 113.55, height = 106.20
2022-05-25 17:13:43 provname = 河南, siteid = 57297, sitename = 信阳, lat = 32.08, lon = 114.03, height = 114.50
2022-05-25 17:13:43 provname = 河南, siteid = 58005, sitename = 商丘, lat = 34.26, lon = 115.32, height = 50.80
2022-05-25 17:13:43 provname = 河南, siteid = 58111, sitename = 永城, lat = 33.58, lon = 116.27, height = 32.50
2022-05-25 17:13:43 provname = 河南, siteid = 58208, sitename = 固始, lat = 32.10, lon = 115.37, height = 42.90
2022-05-25 17:13:43 provname = 黑龙江, siteid = 50136, sitename = 漠河, lat = 52.58, lon = 122.31, height = 438.50
2022-05-25 17:13:43 provname = 黑龙江, siteid = 50246, sitename = 塔河, lat = 52.21, lon = 124.43, height = 361.90
2022-05-25 17:13:43 provname = 黑龙江, siteid = 50247, sitename = 呼中, lat = 52.02, lon = 123.34, height = 514.50
2022-05-25 17:13:43 provname = 黑龙江, siteid = 50349, sitename = 新林, lat = 51.40, lon = 124.24, height = 501.50
2022-05-25 17:13:43 provname = 黑龙江, siteid = 50353, sitename = 呼玛, lat = 51.44, lon = 126.38, height = 173.90
2022-05-25 17:13:43 provname = 黑龙江, siteid = 50442, sitename = 加格达奇, lat = 50.24, lon = 124.07, height = 371.70
2022-05-25 17:13:43 provname = 黑龙江, siteid = 50468, sitename = 爱辉, lat = 50.15, lon = 127.27, height = 166.40
2022-05-25 17:13:43 provname = 黑龙江, siteid = 50557, sitename = 嫩江, lat = 49.10, lon = 125.14, height = 242.20
2022-05-25 17:13:43 provname = 黑龙江, siteid = 50564, sitename = 孙吴, lat = 49.26, lon = 127.21, height = 234.50
2022-05-25 17:13:43 provname = 黑龙江, siteid = 50656, sitename = 北安, lat = 48.15, lon = 126.30, height = 278.40
2022-05-25 17:13:43 provname = 黑龙江, siteid = 50658, sitename = 克山, lat = 48.03, lon = 125.53, height = 236.00
2022-05-25 17:13:43 provname = 黑龙江, siteid = 50674, sitename = 乌伊岭, lat = 48.34, lon = 129.26, height = 404.50
2022-05-25 17:13:43 provname = 黑龙江, siteid = 50739, sitename = 龙江, lat = 47.18, lon = 123.15, height = 209.30
2022-05-25 17:13:43 provname = 黑龙江, siteid = 50742, sitename = 富裕, lat = 47.48, lon = 124.29, height = 162.70
2022-05-25 17:13:43 provname = 黑龙江, siteid = 50745, sitename = 齐齐哈尔, lat = 47.23, lon = 123.55, height = 147.10
2022-05-25 17:13:43 provname = 黑龙江, siteid = 50756, sitename = 海伦, lat = 47.27, lon = 126.52, height = 247.30
2022-05-25 17:13:43 provname = 黑龙江, siteid = 50758, sitename = 明水, lat = 47.11, lon = 125.54, height = 246.00
2022-05-25 17:13:43 provname = 黑龙江, siteid = 50774, sitename = 伊春, lat = 47.42, lon = 128.50, height = 264.80
2022-05-25 17:13:43 provname = 黑龙江, siteid = 50778, sitename = 同江, lat = 47.40, lon = 132.32, height = 57.50
2022-05-25 17:13:43 provname = 黑龙江, siteid = 50788, sitename = 富锦, lat = 47.14, lon = 131.59, height = 66.40
2022-05-25 17:13:43 provname = 黑龙江, siteid = 50844, sitename = 泰来, lat = 46.24, lon = 123.27, height = 138.80
2022-05-25 17:13:43 provname = 黑龙江, siteid = 50853, sitename = 北林, lat = 46.37, lon = 126.58, height = 179.60
2022-05-25 17:13:43 provname = 黑龙江, siteid = 50854, sitename = 安达, lat = 46.23, lon = 125.19, height = 149.30
2022-05-25 17:13:43 provname = 黑龙江, siteid = 50862, sitename = 铁力, lat = 46.59, lon = 127.59, height = 206.00
2022-05-25 17:13:43 provname = 黑龙江, siteid = 50873, sitename = 佳木斯, lat = 46.47, lon = 130.18, height = 82.00
2022-05-25 17:13:43 provname = 黑龙江, siteid = 50877, sitename = 依兰, lat = 46.18, lon = 129.35, height = 100.10
2022-05-25 17:13:43 provname = 黑龙江, siteid = 50888, sitename = 宝清, lat = 46.23, lon = 132.10, height = 79.60
2022-05-25 17:13:43 provname = 黑龙江, siteid = 50950, sitename = 肇州, lat = 45.42, lon = 125.15, height = 148.70
2022-05-25 17:13:43 provname = 黑龙江, siteid = 50953, sitename = 哈尔滨, lat = 45.56, lon = 126.34, height = 118.30
2022-05-25 17:13:43 provname = 黑龙江, siteid = 50955, sitename = 双城, lat = 45.24, lon = 126.19, height = 168.30
2022-05-25 17:13:43 provname = 黑龙江, siteid = 50963, sitename = 通河, lat = 45.58, lon = 128.44, height = 108.60
2022-05-25 17:13:43 provname = 黑龙江, siteid = 50968, sitename = 尚志, lat = 45.13, lon = 127.58, height = 189.70
2022-05-25 17:13:43 provname = 黑龙江, siteid = 50973, sitename = 勃利, lat = 45.45, lon = 130.36, height = 234.40
2022-05-25 17:13:43 provname = 黑龙江, siteid = 50978, sitename = 鸡西, lat = 45.18, lon = 130.55, height = 272.50
2022-05-25 17:13:43 provname = 黑龙江, siteid = 50983, sitename = 虎林, lat = 45.46, lon = 132.58, height = 100.20
2022-05-25 17:13:43 provname = 黑龙江, siteid = 54094, sitename = 牡丹江, lat = 44.30, lon = 129.40, height = 305.70
2022-05-25 17:13:43 provname = 黑龙江, siteid = 54096, sitename = 绥芬河, lat = 44.23, lon = 131.10, height = 567.80
2022-05-25 17:13:43 provname = 湖北, siteid = 57251, sitename = 郧西, lat = 33.00, lon = 110.24, height = 317.30
2022-05-25 17:13:43 provname = 湖北, siteid = 57256, sitename = 十堰, lat = 32.39, lon = 110.47, height = 286.50
2022-05-25 17:13:43 provname = 湖北, siteid = 57259, sitename = 房县, lat = 32.02, lon = 110.46, height = 426.90
2022-05-25 17:13:43 provname = 湖北, siteid = 57265, sitename = 老河口, lat = 32.26, lon = 111.44, height = 132.10
2022-05-25 17:13:43 provname = 湖北, siteid = 57278, sitename = 襄樊, lat = 32.00, lon = 112.05, height = 163.40
2022-05-25 17:13:43 provname = 湖北, siteid = 57279, sitename = 枣阳, lat = 32.09, lon = 112.45, height = 125.50
2022-05-25 17:13:43 provname = 湖北, siteid = 57355, sitename = 巴东, lat = 31.02, lon = 110.22, height = 334.00
2022-05-25 17:13:43 provname = 湖北, siteid = 57358, sitename = 秭归, lat = 30.50, lon = 110.58, height = 295.50
2022-05-25 17:13:43 provname = 湖北, siteid = 57359, sitename = 兴山, lat = 31.21, lon = 110.44, height = 336.80
2022-05-25 17:13:43 provname = 湖北, siteid = 57363, sitename = 南漳, lat = 31.48, lon = 111.50, height = 151.00
2022-05-25 17:13:43 provname = 湖北, siteid = 57378, sitename = 钟祥, lat = 31.11, lon = 112.37, height = 108.00
2022-05-25 17:13:43 provname = 湖北, siteid = 57381, sitename = 随州, lat = 31.37, lon = 113.20, height = 116.30
2022-05-25 17:13:43 provname = 湖北, siteid = 57395, sitename = 大悟, lat = 31.34, lon = 114.07, height = 74.90
2022-05-25 17:13:43 provname = 湖北, siteid = 57399, sitename = 麻城, lat = 31.08, lon = 114.57, height = 74.30
2022-05-25 17:13:43 provname = 湖北, siteid = 57439, sitename = 利川, lat = 30.17, lon = 108.56, height = 1074.10
2022-05-25 17:13:43 provname = 湖北, siteid = 57445, sitename = 建始, lat = 30.36, lon = 109.43, height = 609.20
2022-05-25 17:13:43 provname = 湖北, siteid = 57447, sitename = 恩施, lat = 30.17, lon = 109.28, height = 457.10
2022-05-25 17:13:43 provname = 湖北, siteid = 57458, sitename = 五峰, lat = 30.12, lon = 110.40, height = 619.90
2022-05-25 17:13:43 provname = 湖北, siteid = 57461, sitename = 宜昌, lat = 30.44, lon = 111.22, height = 256.50
2022-05-25 17:13:43 provname = 湖北, siteid = 57476, sitename = 荆州, lat = 30.21, lon = 112.09, height = 31.80
2022-05-25 17:13:43 provname = 湖北, siteid = 57482, sitename = 孝感, lat = 30.54, lon = 113.57, height = 25.50
2022-05-25 17:13:43 provname = 湖北, siteid = 57483, sitename = 天门, lat = 30.40, lon = 113.08, height = 31.90
2022-05-25 17:13:43 provname = 湖北, siteid = 57493, sitename = 江夏, lat = 30.21, lon = 114.20, height = 73.50
2022-05-25 17:13:43 provname = 湖北, siteid = 57494, sitename = 武汉, lat = 30.36, lon = 114.03, height = 23.60
2022-05-25 17:13:43 provname = 湖北, siteid = 57545, sitename = 来凤, lat = 29.32, lon = 109.25, height = 502.80
2022-05-25 17:13:43 provname = 湖北, siteid = 57573, sitename = 监利, lat = 29.50, lon = 112.54, height = 30.00
2022-05-25 17:13:43 provname = 湖北, siteid = 57581, sitename = 洪湖, lat = 29.49, lon = 113.27, height = 27.40
2022-05-25 17:13:43 provname = 湖北, siteid = 57583, sitename = 嘉鱼, lat = 29.55, lon = 113.58, height = 61.70
2022-05-25 17:13:43 provname = 湖北, siteid = 57595, sitename = 通山, lat = 29.36, lon = 114.30, height = 76.10
2022-05-25 17:13:43 provname = 湖北, siteid = 58402, sitename = 英山, lat = 30.44, lon = 115.40, height = 123.80
2022-05-25 17:13:43 provname = 湖北, siteid = 58407, sitename = 黄石, lat = 30.14, lon = 115.02, height = 32.20
2022-05-25 17:13:43 provname = 湖北, siteid = 58500, sitename = 阳新, lat = 29.54, lon = 115.13, height = 57.00
2022-05-25 17:13:43 provname = 湖南, siteid = 57554, sitename = 桑植, lat = 29.24, lon = 110.10, height = 322.20
2022-05-25 17:13:43 provname = 湖南, siteid = 57562, sitename = 石门, lat = 29.35, lon = 111.22, height = 116.90
2022-05-25 17:13:43 provname = 湖南, siteid = 57574, sitename = 南县, lat = 29.22, lon = 112.24, height = 36.00
2022-05-25 17:13:43 provname = 湖南, siteid = 57584, sitename = 岳阳, lat = 29.23, lon = 113.05, height = 53.00
2022-05-25 17:13:43 provname = 湖南, siteid = 57642, sitename = 保靖, lat = 28.42, lon = 109.39, height = 325.30
2022-05-25 17:13:43 provname = 湖南, siteid = 57649, sitename = 吉首, lat = 28.14, lon = 109.41, height = 254.60
2022-05-25 17:13:43 provname = 湖南, siteid = 57655, sitename = 沅陵, lat = 28.28, lon = 110.24, height = 151.60
2022-05-25 17:13:43 provname = 湖南, siteid = 57662, sitename = 常德, lat = 29.07, lon = 111.41, height = 150.60
2022-05-25 17:13:43 provname = 湖南, siteid = 57669, sitename = 安化, lat = 28.23, lon = 111.13, height = 128.30
2022-05-25 17:13:43 provname = 湖南, siteid = 57671, sitename = 沅江, lat = 28.51, lon = 112.22, height = 37.00
2022-05-25 17:13:43 provname = 湖南, siteid = 57673, sitename = 湘阴, lat = 28.41, lon = 112.53, height = 53.20
2022-05-25 17:13:43 provname = 湖南, siteid = 57679, sitename = 马坡岭, lat = 28.12, lon = 113.11, height = 101.40
2022-05-25 17:13:43 provname = 湖南, siteid = 57682, sitename = 平江, lat = 28.43, lon = 113.34, height = 106.30
2022-05-25 17:13:43 provname = 湖南, siteid = 57687, sitename = 长沙, lat = 28.06, lon = 112.47, height = 119.00
2022-05-25 17:13:43 provname = 湖南, siteid = 57745, sitename = 芷江, lat = 27.27, lon = 109.41, height = 272.20
2022-05-25 17:13:43 provname = 湖南, siteid = 57749, sitename = 怀化, lat = 27.34, lon = 110.00, height = 257.80
2022-05-25 17:13:43 provname = 湖南, siteid = 57752, sitename = 溆浦, lat = 27.55, lon = 110.36, height = 204.00
2022-05-25 17:13:43 provname = 湖南, siteid = 57758, sitename = 洞口, lat = 27.02, lon = 110.36, height = 339.50
2022-05-25 17:13:43 provname = 湖南, siteid = 57761, sitename = 新化, lat = 27.45, lon = 111.18, height = 211.90
2022-05-25 17:13:43 provname = 湖南, siteid = 57766, sitename = 邵阳市, lat = 27.11, lon = 111.27, height = 311.00
2022-05-25 17:13:43 provname = 湖南, siteid = 57774, sitename = 双峰, lat = 27.27, lon = 112.10, height = 100.00
2022-05-25 17:13:43 provname = 湖南, siteid = 57776, sitename = 南岳, lat = 27.18, lon = 112.42, height = 1265.90
2022-05-25 17:13:43 provname = 湖南, siteid = 57779, sitename = 攸县, lat = 27.00, lon = 113.21, height = 102.50
2022-05-25 17:13:43 provname = 湖南, siteid = 57780, sitename = 株洲, lat = 27.52, lon = 113.10, height = 74.60
2022-05-25 17:13:43 provname = 湖南, siteid = 57841, sitename = 靖州, lat = 26.34, lon = 109.40, height = 320.30
2022-05-25 17:13:43 provname = 湖南, siteid = 57845, sitename = 通道, lat = 26.10, lon = 109.47, height = 397.50
2022-05-25 17:13:43 provname = 湖南, siteid = 57853, sitename = 武冈, lat = 26.44, lon = 110.38, height = 341.00
2022-05-25 17:13:43 provname = 湖南, siteid = 57857, sitename = 城步, lat = 26.22, lon = 110.19, height = 477.70
2022-05-25 17:13:43 provname = 湖南, siteid = 57860, sitename = 邵阳县, lat = 27.00, lon = 111.17, height = 283.30
2022-05-25 17:13:43 provname = 湖南, siteid = 57866, sitename = 永州, lat = 26.14, lon = 111.37, height = 172.60
2022-05-25 17:13:43 provname = 湖南, siteid = 57872, sitename = 衡阳市, lat = 26.53, lon = 112.36, height = 104.90
2022-05-25 17:13:43 provname = 湖南, siteid = 57874, sitename = 常宁, lat = 26.25, lon = 112.24, height = 116.60
2022-05-25 17:13:43 provname = 湖南, siteid = 57889, sitename = 桂东, lat = 26.05, lon = 113.57, height = 835.90
2022-05-25 17:13:43 provname = 湖南, siteid = 57965, sitename = 道县, lat = 25.32, lon = 111.36, height = 192.20
2022-05-25 17:13:43 provname = 湖南, siteid = 57972, sitename = 郴州, lat = 25.44, lon = 112.58, height = 368.80
2022-05-25 17:13:43 provname = 湖南, siteid = 57974, sitename = 嘉禾, lat = 25.35, lon = 112.22, height = 214.50
2022-05-25 17:13:43 provname = 吉林, siteid = 50936, sitename = 白城, lat = 45.38, lon = 122.50, height = 155.30
2022-05-25 17:13:43 provname = 吉林, siteid = 50945, sitename = 大安, lat = 45.30, lon = 124.14, height = 138.10
2022-05-25 17:13:43 provname = 吉林, siteid = 50948, sitename = 乾安, lat = 45.00, lon = 124.01, height = 146.30
2022-05-25 17:13:43 provname = 吉林, siteid = 50949, sitename = 前郭, lat = 45.05, lon = 124.52, height = 136.20
2022-05-25 17:13:43 provname = 吉林, siteid = 54041, sitename = 通榆, lat = 44.48, lon = 123.04, height = 150.00
2022-05-25 17:13:43 provname = 吉林, siteid = 54049, sitename = 长岭, lat = 44.15, lon = 123.58, height = 188.90
2022-05-25 17:13:43 provname = 吉林, siteid = 54063, sitename = 扶余, lat = 44.58, lon = 126.00, height = 196.80
2022-05-25 17:13:43 provname = 吉林, siteid = 54064, sitename = 农安, lat = 44.23, lon = 125.09, height = 170.20
2022-05-25 17:13:43 provname = 吉林, siteid = 54142, sitename = 双辽, lat = 43.30, lon = 123.32, height = 114.90
2022-05-25 17:13:43 provname = 吉林, siteid = 54157, sitename = 四平, lat = 43.07, lon = 124.23, height = 179.50
2022-05-25 17:13:43 provname = 吉林, siteid = 54161, sitename = 长春, lat = 43.54, lon = 125.13, height = 236.80
2022-05-25 17:13:43 provname = 吉林, siteid = 54165, sitename = 双阳, lat = 43.33, lon = 125.38, height = 219.50
2022-05-25 17:13:43 provname = 吉林, siteid = 54171, sitename = 永吉, lat = 43.42, lon = 126.31, height = 229.50
2022-05-25 17:13:43 provname = 吉林, siteid = 54181, sitename = 蛟河, lat = 43.42, lon = 127.20, height = 295.00
2022-05-25 17:13:43 provname = 吉林, siteid = 54186, sitename = 敦化, lat = 43.22, lon = 128.12, height = 524.90
2022-05-25 17:13:43 provname = 吉林, siteid = 54195, sitename = 汪清, lat = 43.18, lon = 129.47, height = 244.80
2022-05-25 17:13:43 provname = 吉林, siteid = 54260, sitename = 辽源, lat = 42.55, lon = 125.05, height = 252.90
2022-05-25 17:13:43 provname = 吉林, siteid = 54263, sitename = 磐石, lat = 42.58, lon = 126.05, height = 351.20
2022-05-25 17:13:43 provname = 吉林, siteid = 54266, sitename = 梅河口, lat = 42.32, lon = 125.38, height = 340.50
2022-05-25 17:13:43 provname = 吉林, siteid = 54273, sitename = 桦甸, lat = 42.59, lon = 126.45, height = 263.30
2022-05-25 17:13:43 provname = 吉林, siteid = 54276, sitename = 靖宇, lat = 42.24, lon = 126.48, height = 570.00
2022-05-25 17:13:43 provname = 吉林, siteid = 54284, sitename = 东岗, lat = 42.09, lon = 127.30, height = 774.20
2022-05-25 17:13:43 provname = 吉林, siteid = 54285, sitename = 二道, lat = 42.25, lon = 128.07, height = 721.40
2022-05-25 17:13:43 provname = 吉林, siteid = 54286, sitename = 和龙?, lat = 42.32, lon = 129.00, height = 475.60
2022-05-25 17:13:43 provname = 吉林, siteid = 54292, sitename = 延吉, lat = 42.52, lon = 129.30, height = 257.30
2022-05-25 17:13:43 provname = 吉林, siteid = 54363, sitename = 通化?, lat = 41.41, lon = 125.54, height = 402.90
2022-05-25 17:13:43 provname = 吉林, siteid = 54374, sitename = 临江, lat = 41.48, lon = 126.53, height = 379.70
2022-05-25 17:13:43 provname = 吉林, siteid = 54377, sitename = 集安, lat = 41.09, lon = 126.13, height = 225.10
2022-05-25 17:13:43 provname = 吉林, siteid = 54386, sitename = 长白, lat = 41.25, lon = 128.11, height = 775.00
2022-05-25 17:13:43 provname = 江苏, siteid = 58026, sitename = 邳州, lat = 34.24, lon = 118.01, height = 25.70
2022-05-25 17:13:43 provname = 江苏, siteid = 58027, sitename = 徐州, lat = 34.17, lon = 117.09, height = 41.20
2022-05-25 17:13:43 provname = 江苏, siteid = 58038, sitename = 沭阳, lat = 34.05, lon = 118.47, height = 10.40
2022-05-25 17:13:43 provname = 江苏, siteid = 58040, sitename = 赣榆, lat = 34.51, lon = 119.08, height = 5.30
2022-05-25 17:13:43 provname = 江苏, siteid = 58047, sitename = 灌云, lat = 34.15, lon = 119.14, height = 4.80
2022-05-25 17:13:43 provname = 江苏, siteid = 58130, sitename = 睢宁, lat = 33.56, lon = 117.57, height = 23.80
2022-05-25 17:13:43 provname = 江苏, siteid = 58135, sitename = 泗洪, lat = 33.29, lon = 118.13, height = 16.90
2022-05-25 17:13:43 provname = 江苏, siteid = 58138, sitename = 盱眙, lat = 32.59, lon = 118.31, height = 40.80
2022-05-25 17:13:43 provname = 江苏, siteid = 58141, sitename = 淮安, lat = 33.38, lon = 118.56, height = 12.50
2022-05-25 17:13:43 provname = 江苏, siteid = 58143, sitename = 阜宁, lat = 33.48, lon = 119.51, height = 4.80
2022-05-25 17:13:43 provname = 江苏, siteid = 58150, sitename = 射阳, lat = 33.45, lon = 120.18, height = 1.80
2022-05-25 17:13:43 provname = 江苏, siteid = 58158, sitename = 大丰, lat = 33.10, lon = 120.27, height = 3.10
2022-05-25 17:13:43 provname = 江苏, siteid = 58238, sitename = 南京, lat = 31.56, lon = 118.54, height = 35.20
2022-05-25 17:13:43 provname = 江苏, siteid = 58241, sitename = 高邮, lat = 32.48, lon = 119.27, height = 5.40
2022-05-25 17:13:43 provname = 江苏, siteid = 58251, sitename = 东台, lat = 32.51, lon = 120.17, height = 3.30
2022-05-25 17:13:43 provname = 江苏, siteid = 58252, sitename = 丹徒, lat = 32.11, lon = 119.28, height = 27.30
2022-05-25 17:13:43 provname = 江苏, siteid = 58255, sitename = 如皋, lat = 32.22, lon = 120.34, height = 6.40
2022-05-25 17:13:43 provname = 江苏, siteid = 58259, sitename = 南通, lat = 32.05, lon = 120.59, height = 4.80
2022-05-25 17:13:43 provname = 江苏, siteid = 58265, sitename = 吕泗, lat = 32.04, lon = 121.36, height = 3.60
2022-05-25 17:13:43 provname = 江苏, siteid = 58343, sitename = 常州, lat = 31.52, lon = 119.59, height = 4.40
2022-05-25 17:13:43 provname = 江苏, siteid = 58345, sitename = 溧阳, lat = 31.26, lon = 119.30, height = 5.90
2022-05-25 17:13:43 provname = 江苏, siteid = 58354, sitename = 无锡, lat = 31.37, lon = 120.21, height = 3.20
2022-05-25 17:13:43 provname = 江苏, siteid = 58356, sitename = 昆山, lat = 31.24, lon = 121.00, height = 3.20
2022-05-25 17:13:43 provname = 江苏, siteid = 58358, sitename = 东山, lat = 31.04, lon = 120.26, height = 16.70
2022-05-25 17:13:43 provname = 江西, siteid = 57598, sitename = 修水, lat = 29.02, lon = 114.35, height = 146.80
2022-05-25 17:13:43 provname = 江西, siteid = 57696, sitename = 宜丰, lat = 28.24, lon = 114.47, height = 91.70
2022-05-25 17:13:43 provname = 江西, siteid = 57789, sitename = 莲花, lat = 27.08, lon = 113.57, height = 194.50
2022-05-25 17:13:43 provname = 江西, siteid = 57793, sitename = 宜春, lat = 27.48, lon = 114.23, height = 131.30
2022-05-25 17:13:43 provname = 江西, siteid = 57799, sitename = 吉安县, lat = 27.03, lon = 114.55, height = 71.20
2022-05-25 17:13:43 provname = 江西, siteid = 57894, sitename = 井冈山, lat = 26.35, lon = 114.10, height = 843.00
2022-05-25 17:13:43 provname = 江西, siteid = 57896, sitename = 遂川, lat = 26.20, lon = 114.30, height = 126.10
2022-05-25 17:13:43 provname = 江西, siteid = 57993, sitename = 赣县, lat = 25.52, lon = 115.00, height = 137.50
2022-05-25 17:13:43 provname = 江西, siteid = 58506, sitename = 庐山, lat = 29.34, lon = 115.59, height = 1164.50
2022-05-25 17:13:43 provname = 江西, siteid = 58507, sitename = 武宁, lat = 29.15, lon = 115.07, height = 116.00
2022-05-25 17:13:43 provname = 江西, siteid = 58519, sitename = 波阳, lat = 29.00, lon = 116.41, height = 40.10
2022-05-25 17:13:43 provname = 江西, siteid = 58527, sitename = 景德镇, lat = 29.18, lon = 117.12, height = 61.50
2022-05-25 17:13:43 provname = 江西, siteid = 58600, sitename = 靖安, lat = 28.52, lon = 115.22, height = 78.90
2022-05-25 17:13:43 provname = 江西, siteid = 58606, sitename = 南昌, lat = 28.36, lon = 115.55, height = 46.90
2022-05-25 17:13:43 provname = 江西, siteid = 58608, sitename = 樟树, lat = 28.04, lon = 115.33, height = 30.40
2022-05-25 17:13:43 provname = 江西, siteid = 58622, sitename = 德兴, lat = 28.57, lon = 117.35, height = 88.50
2022-05-25 17:13:43 provname = 江西, siteid = 58626, sitename = 贵溪, lat = 28.18, lon = 117.14, height = 60.80
2022-05-25 17:13:43 provname = 江西, siteid = 58634, sitename = 玉山, lat = 28.41, lon = 118.15, height = 116.30
2022-05-25 17:13:43 provname = 江西, siteid = 58637, sitename = 上饶, lat = 28.27, lon = 117.59, height = 118.20
2022-05-25 17:13:43 provname = 江西, siteid = 58705, sitename = 永丰, lat = 27.20, lon = 115.25, height = 85.70
2022-05-25 17:13:43 provname = 江西, siteid = 58715, sitename = 南城, lat = 27.35, lon = 116.39, height = 80.80
2022-05-25 17:13:43 provname = 江西, siteid = 58718, sitename = 南丰, lat = 27.13, lon = 116.32, height = 111.50
2022-05-25 17:13:43 provname = 江西, siteid = 58806, sitename = 宁都, lat = 26.29, lon = 116.01, height = 209.10
2022-05-25 17:13:43 provname = 江西, siteid = 58813, sitename = 广昌, lat = 26.51, lon = 116.20, height = 143.80
2022-05-25 17:13:43 provname = 江西, siteid = 59092, sitename = 龙南, lat = 24.52, lon = 114.48, height = 250.20
2022-05-25 17:13:43 provname = 江西, siteid = 59102, sitename = 寻乌, lat = 24.57, lon = 115.39, height = 303.90
2022-05-25 17:13:43 provname = 辽宁, siteid = 54236, sitename = 彰武, lat = 42.23, lon = 122.33, height = 79.40
2022-05-25 17:13:43 provname = 辽宁, siteid = 54237, sitename = 阜新, lat = 42.04, lon = 121.45, height = 167.80
2022-05-25 17:13:43 provname = 辽宁, siteid = 54243, sitename = 昌图, lat = 42.47, lon = 124.06, height = 165.10
2022-05-25 17:13:43 provname = 辽宁, siteid = 54254, sitename = 开原, lat = 42.32, lon = 124.03, height = 98.20
2022-05-25 17:13:43 provname = 辽宁, siteid = 54259, sitename = 清原, lat = 42.04, lon = 124.52, height = 224.00
2022-05-25 17:13:43 provname = 辽宁, siteid = 54324, sitename = 朝阳, lat = 41.33, lon = 120.26, height = 174.30
2022-05-25 17:13:43 provname = 辽宁, siteid = 54326, sitename = 建平县, lat = 41.25, lon = 119.37, height = 462.20
2022-05-25 17:13:43 provname = 辽宁, siteid = 54333, sitename = 新民, lat = 41.58, lon = 122.51, height = 30.90
2022-05-25 17:13:43 provname = 辽宁, siteid = 54334, sitename = 义县, lat = 41.31, lon = 121.15, height = 74.20
2022-05-25 17:13:43 provname = 辽宁, siteid = 54335, sitename = 黑山, lat = 41.41, lon = 122.05, height = 37.50
2022-05-25 17:13:43 provname = 辽宁, siteid = 54337, sitename = 锦州, lat = 41.08, lon = 121.07, height = 65.90
2022-05-25 17:13:43 provname = 辽宁, siteid = 54339, sitename = 鞍山, lat = 41.05, lon = 123.00, height = 77.30
2022-05-25 17:13:43 provname = 辽宁, siteid = 54342, sitename = 沈阳, lat = 41.44, lon = 123.31, height = 49.00
2022-05-25 17:13:43 provname = 辽宁, siteid = 54346, sitename = 本溪, lat = 41.18, lon = 123.47, height = 185.40
2022-05-25 17:13:43 provname = 辽宁, siteid = 54349, sitename = 本溪县, lat = 41.18, lon = 124.08, height = 258.90
2022-05-25 17:13:43 provname = 辽宁, siteid = 54351, sitename = 抚顺, lat = 41.55, lon = 124.04, height = 118.50
2022-05-25 17:13:43 provname = 辽宁, siteid = 54353, sitename = 新宾, lat = 41.44, lon = 125.03, height = 328.40
2022-05-25 17:13:43 provname = 辽宁, siteid = 54365, sitename = 桓仁, lat = 41.17, lon = 125.21, height = 245.50
2022-05-25 17:13:43 provname = 辽宁, siteid = 54452, sitename = 建昌, lat = 40.48, lon = 119.48, height = 367.00
2022-05-25 17:13:43 provname = 辽宁, siteid = 54454, sitename = 绥中, lat = 40.20, lon = 120.18, height = 29.00
2022-05-25 17:13:43 provname = 辽宁, siteid = 54455, sitename = 兴城, lat = 40.37, lon = 120.39, height = 20.50
2022-05-25 17:13:43 provname = 辽宁, siteid = 54470, sitename = 大洼, lat = 41.01, lon = 122.03, height = 5.50
2022-05-25 17:13:43 provname = 辽宁, siteid = 54471, sitename = 营口, lat = 40.40, lon = 122.10, height = 3.80
2022-05-25 17:13:43 provname = 辽宁, siteid = 54472, sitename = 海城, lat = 40.53, lon = 122.45, height = 25.30
2022-05-25 17:13:43 provname = 辽宁, siteid = 54476, sitename = 熊岳, lat = 40.11, lon = 122.09, height = 20.40
2022-05-25 17:13:43 provname = 辽宁, siteid = 54486, sitename = 岫岩, lat = 40.20, lon = 123.17, height = 97.70
2022-05-25 17:13:43 provname = 辽宁, siteid = 54493, sitename = 宽甸, lat = 40.43, lon = 124.47, height = 260.10
2022-05-25 17:13:43 provname = 辽宁, siteid = 54497, sitename = 丹东, lat = 40.02, lon = 124.20, height = 13.80
2022-05-25 17:13:43 provname = 辽宁, siteid = 54563, sitename = 瓦房店, lat = 39.38, lon = 122.01, height = 118.70
2022-05-25 17:13:43 provname = 辽宁, siteid = 54579, sitename = 长海, lat = 39.16, lon = 122.35, height = 35.50
2022-05-25 17:13:43 provname = 辽宁, siteid = 54584, sitename = 庄河, lat = 39.43, lon = 122.57, height = 34.80
2022-05-25 17:13:43 provname = 辽宁, siteid = 54660, sitename = 旅顺, lat = 38.49, lon = 121.14, height = 66.70
2022-05-25 17:13:43 provname = 辽宁, siteid = 54662, sitename = 大连, lat = 38.55, lon = 121.38, height = 91.50
2022-05-25 17:13:43 provname = 内蒙古, siteid = 50425, sitename = 额尔古纳市, lat = 50.15, lon = 120.11, height = 581.40
2022-05-25 17:13:43 provname = 内蒙古, siteid = 50434, sitename = 图里河, lat = 50.29, lon = 121.41, height = 732.60
2022-05-25 17:13:43 provname = 内蒙古, siteid = 50514, sitename = 满洲里, lat = 49.35, lon = 117.19, height = 661.80
2022-05-25 17:13:43 provname = 内蒙古, siteid = 50527, sitename = 海拉尔, lat = 49.15, lon = 119.42, height = 649.60
2022-05-25 17:13:43 provname = 内蒙古, siteid = 50548, sitename = 小二沟, lat = 49.12, lon = 123.43, height = 286.10
2022-05-25 17:13:43 provname = 内蒙古, siteid = 50603, sitename = 新巴尔虎右旗, lat = 48.41, lon = 116.49, height = 542.40
2022-05-25 17:13:43 provname = 内蒙古, siteid = 50618, sitename = 新巴尔虎左旗, lat = 48.13, lon = 118.16, height = 642.00
2022-05-25 17:13:43 provname = 内蒙古, siteid = 50632, sitename = 博克图, lat = 48.46, lon = 121.55, height = 739.70
2022-05-25 17:13:43 provname = 内蒙古, siteid = 50639, sitename = 扎兰屯, lat = 48.00, lon = 122.44, height = 306.50
2022-05-25 17:13:43 provname = 内蒙古, siteid = 50727, sitename = 阿尔山, lat = 47.10, lon = 119.56, height = 997.20
2022-05-25 17:13:43 provname = 内蒙古, siteid = 50834, sitename = 索伦, lat = 46.36, lon = 121.13, height = 499.70
2022-05-25 17:13:43 provname = 内蒙古, siteid = 50838, sitename = 乌兰浩特, lat = 46.05, lon = 122.03, height = 274.70
2022-05-25 17:13:43 provname = 内蒙古, siteid = 50915, sitename = 东乌珠穆沁, lat = 45.31, lon = 116.58, height = 838.90
2022-05-25 17:13:43 provname = 内蒙古, siteid = 50924, sitename = 霍林郭勒, lat = 45.33, lon = 119.39, height = 860.00
2022-05-25 17:13:43 provname = 内蒙古, siteid = 52267, sitename = 额济纳旗, lat = 41.57, lon = 101.04, height = 940.50
2022-05-25 17:13:43 provname = 内蒙古, siteid = 52495, sitename = 巴彦诺尔公, lat = 40.10, lon = 104.48, height = 1323.90
2022-05-25 17:13:43 provname = 内蒙古, siteid = 52576, sitename = 阿右旗, lat = 39.13, lon = 101.41, height = 1510.10
2022-05-25 17:13:43 provname = 内蒙古, siteid = 53068, sitename = 二连浩特, lat = 43.37, lon = 111.56, height = 963.10
2022-05-25 17:13:43 provname = 内蒙古, siteid = 53083, sitename = 那仁宝力格, lat = 44.37, lon = 114.09, height = 1181.60
2022-05-25 17:13:43 provname = 内蒙古, siteid = 53149, sitename = 满都拉气象站, lat = 42.32, lon = 110.08, height = 1225.20
2022-05-25 17:13:43 provname = 内蒙古, siteid = 53192, sitename = 阿巴嘎旗, lat = 44.01, lon = 115.00, height = 1147.70
2022-05-25 17:13:43 provname = 内蒙古, siteid = 53195, sitename = 苏尼特左旗, lat = 43.51, lon = 113.38, height = 1036.70
2022-05-25 17:13:43 provname = 内蒙古, siteid = 53276, sitename = 朱日和, lat = 42.24, lon = 112.54, height = 1150.80
2022-05-25 17:13:43 provname = 内蒙古, siteid = 53336, sitename = 乌拉特中旗, lat = 41.34, lon = 108.31, height = 1288.00
2022-05-25 17:13:43 provname = 内蒙古, siteid = 53352, sitename = 达茂旗气象局, lat = 41.42, lon = 110.26, height = 1376.60
2022-05-25 17:13:43 provname = 内蒙古, siteid = 53362, sitename = 四子王, lat = 41.32, lon = 111.41, height = 1490.10
2022-05-25 17:13:43 provname = 内蒙古, siteid = 53367, sitename = 希拉穆仁气侯站, lat = 41.19, lon = 111.14, height = 1602.30
2022-05-25 17:13:43 provname = 内蒙古, siteid = 53391, sitename = 化德, lat = 41.54, lon = 114.00, height = 1482.70
2022-05-25 17:13:43 provname = 内蒙古, siteid = 53446, sitename = 包头市气象台, lat = 40.32, lon = 109.53, height = 1004.70
2022-05-25 17:13:43 provname = 内蒙古, siteid = 53463, sitename = 呼和浩特, lat = 40.51, lon = 111.34, height = 1153.50
2022-05-25 17:13:43 provname = 内蒙古, siteid = 53480, sitename = 集宁, lat = 41.02, lon = 113.04, height = 1419.30
2022-05-25 17:13:43 provname = 内蒙古, siteid = 53502, sitename = 吉兰太, lat = 39.47, lon = 105.45, height = 1031.80
2022-05-25 17:13:43 provname = 内蒙古, siteid = 53513, sitename = 临河, lat = 40.44, lon = 107.22, height = 1041.10
2022-05-25 17:13:43 provname = 内蒙古, siteid = 53529, sitename = 鄂托克旗, lat = 39.05, lon = 107.58, height = 1381.40
2022-05-25 17:13:43 provname = 内蒙古, siteid = 53543, sitename = 东胜, lat = 39.50, lon = 109.59, height = 1461.90
2022-05-25 17:13:43 provname = 内蒙古, siteid = 53547, sitename = 乌审召, lat = 39.06, lon = 109.02, height = 1312.20
2022-05-25 17:13:43 provname = 内蒙古, siteid = 53602, sitename = 阿拉善左旗, lat = 38.50, lon = 105.40, height = 1561.40
2022-05-25 17:13:43 provname = 内蒙古, siteid = 54012, sitename = 西乌珠穆沁, lat = 44.34, lon = 117.38, height = 1001.70
2022-05-25 17:13:43 provname = 内蒙古, siteid = 54026, sitename = 扎鲁特, lat = 44.34, lon = 120.54, height = 265.00
2022-05-25 17:13:43 provname = 内蒙古, siteid = 54027, sitename = 巴林左旗, lat = 43.59, lon = 119.24, height = 486.20
2022-05-25 17:13:43 provname = 内蒙古, siteid = 54102, sitename = 锡林浩特, lat = 43.57, lon = 116.07, height = 1003.00
2022-05-25 17:13:43 provname = 内蒙古, siteid = 54115, sitename = 林西县, lat = 43.38, lon = 118.02, height = 825.00
2022-05-25 17:13:43 provname = 内蒙古, siteid = 54134, sitename = 开鲁, lat = 43.36, lon = 121.17, height = 241.00
2022-05-25 17:13:43 provname = 内蒙古, siteid = 54135, sitename = 通辽, lat = 43.36, lon = 122.16, height = 178.70
2022-05-25 17:13:43 provname = 内蒙古, siteid = 54208, sitename = 多伦县, lat = 42.12, lon = 116.28, height = 1245.40
2022-05-25 17:13:43 provname = 内蒙古, siteid = 54213, sitename = 翁牛特旗, lat = 42.56, lon = 119.01, height = 634.30
2022-05-25 17:13:43 provname = 内蒙古, siteid = 54218, sitename = 赤峰, lat = 42.18, lon = 118.50, height = 668.60
2022-05-25 17:13:43 provname = 内蒙古, siteid = 54226, sitename = 宝国吐, lat = 42.20, lon = 120.42, height = 400.50
2022-05-25 17:13:43 provname = 宁夏, siteid = 53519, sitename = 惠农, lat = 39.13, lon = 106.46, height = 1092.50
2022-05-25 17:13:43 provname = 宁夏, siteid = 53612, sitename = 吴忠, lat = 37.59, lon = 106.11, height = 1128.80
2022-05-25 17:13:43 provname = 宁夏, siteid = 53614, sitename = 银川, lat = 38.28, lon = 106.12, height = 1110.90
2022-05-25 17:13:43 provname = 宁夏, siteid = 53615, sitename = 陶乐, lat = 38.48, lon = 106.42, height = 1101.60
2022-05-25 17:13:43 provname = 宁夏, siteid = 53704, sitename = 中卫, lat = 37.32, lon = 105.11, height = 1225.70
2022-05-25 17:13:43 provname = 宁夏, siteid = 53705, sitename = 中宁, lat = 37.29, lon = 105.41, height = 1183.40
2022-05-25 17:13:43 provname = 宁夏, siteid = 53723, sitename = 盐池, lat = 37.48, lon = 107.23, height = 1349.30
2022-05-25 17:13:43 provname = 宁夏, siteid = 53806, sitename = 海原, lat = 36.34, lon = 105.39, height = 1854.20
2022-05-25 17:13:43 provname = 宁夏, siteid = 53810, sitename = 同心, lat = 36.58, lon = 105.54, height = 1339.30
2022-05-25 17:13:43 provname = 宁夏, siteid = 53817, sitename = 固原, lat = 36.00, lon = 106.16, height = 1753.00
2022-05-25 17:13:43 provname = 宁夏, siteid = 53903, sitename = 西吉, lat = 35.58, lon = 105.43, height = 1916.50
2022-05-25 17:13:43 provname = 宁夏, siteid = 53910, sitename = 六盘山, lat = 35.40, lon = 106.12, height = 2841.20
2022-05-25 17:13:43 provname = 青海, siteid = 51886, sitename = 茫崖, lat = 38.15, lon = 90.51, height = 2944.80
2022-05-25 17:13:43 provname = 青海, siteid = 52602, sitename = 冷湖, lat = 38.45, lon = 93.20, height = 2770.00
2022-05-25 17:13:43 provname = 青海, siteid = 52633, sitename = 托勒, lat = 38.49, lon = 98.25, height = 3367.00
2022-05-25 17:13:43 provname = 青海, siteid = 52645, sitename = 野牛沟, lat = 38.26, lon = 99.36, height = 3314.00
2022-05-25 17:13:43 provname = 青海, siteid = 52657, sitename = 祁连, lat = 38.11, lon = 100.15, height = 2787.40
2022-05-25 17:13:43 provname = 青海, siteid = 52707, sitename = 小灶火, lat = 36.48, lon = 93.41, height = 2767.00
2022-05-25 17:13:43 provname = 青海, siteid = 52713, sitename = 大柴旦, lat = 37.51, lon = 95.21, height = 3173.20
2022-05-25 17:13:43 provname = 青海, siteid = 52737, sitename = 德令哈, lat = 37.22, lon = 97.23, height = 2981.50
2022-05-25 17:13:43 provname = 青海, siteid = 52754, sitename = 刚察, lat = 37.20, lon = 100.08, height = 13301.50
2022-05-25 17:13:43 provname = 青海, siteid = 52765, sitename = 门源, lat = 37.23, lon = 101.37, height = 12850.00
2022-05-25 17:13:43 provname = 青海, siteid = 52818, sitename = 格尔木, lat = 36.25, lon = 94.55, height = 2807.60
2022-05-25 17:13:43 provname = 青海, siteid = 52825, sitename = 诺木洪, lat = 36.26, lon = 96.26, height = 2790.40
2022-05-25 17:13:43 provname = 青海, siteid = 52833, sitename = 乌兰, lat = 36.56, lon = 98.29, height = 12950.00
2022-05-25 17:13:43 provname = 青海, siteid = 52836, sitename = 都兰, lat = 36.18, lon = 98.06, height = 3189.00
2022-05-25 17:13:43 provname = 青海, siteid = 52842, sitename = 茶卡, lat = 36.47, lon = 99.05, height = 3087.60
2022-05-25 17:13:43 provname = 青海, siteid = 52856, sitename = 共和, lat = 36.16, lon = 100.37, height = 2835.00
2022-05-25 17:13:43 provname = 青海, siteid = 52866, sitename = 西宁, lat = 36.44, lon = 101.45, height = 2295.20
2022-05-25 17:13:43 provname = 青海, siteid = 52868, sitename = 贵德, lat = 36.01, lon = 101.22, height = 2273.00
2022-05-25 17:13:43 provname = 青海, siteid = 52876, sitename = 民和, lat = 36.20, lon = 102.50, height = 1813.90
2022-05-25 17:13:43 provname = 青海, siteid = 52908, sitename = 五道梁, lat = 35.13, lon = 93.05, height = 4612.20
2022-05-25 17:13:43 provname = 青海, siteid = 52943, sitename = 兴海, lat = 35.35, lon = 99.59, height = 3323.20
2022-05-25 17:13:43 provname = 青海, siteid = 52955, sitename = 贵南, lat = 35.35, lon = 100.44, height = 13120.00
2022-05-25 17:13:43 provname = 青海, siteid = 52974, sitename = 同仁, lat = 35.33, lon = 102.02, height = 2475.00
2022-05-25 17:13:43 provname = 青海, siteid = 56004, sitename = 托托河, lat = 34.13, lon = 92.26, height = 4533.10
2022-05-25 17:13:43 provname = 青海, siteid = 56018, sitename = 杂多, lat = 32.53, lon = 95.17, height = 4066.40
2022-05-25 17:13:43 provname = 青海, siteid = 56021, sitename = 曲麻莱, lat = 34.07, lon = 95.48, height = 4175.00
2022-05-25 17:13:43 provname = 青海, siteid = 56029, sitename = 玉树, lat = 33.00, lon = 96.58, height = 3716.90
2022-05-25 17:13:43 provname = 青海, siteid = 56033, sitename = 玛多, lat = 34.55, lon = 98.13, height = 4272.30
2022-05-25 17:13:43 provname = 青海, siteid = 56034, sitename = 清水河, lat = 33.48, lon = 97.08, height = 4415.40
2022-05-25 17:13:43 provname = 青海, siteid = 56043, sitename = 玛沁, lat = 34.29, lon = 100.14, height = 3719.00
2022-05-25 17:13:43 provname = 青海, siteid = 56046, sitename = 达日, lat = 33.45, lon = 99.39, height = 3967.50
2022-05-25 17:13:43 provname = 青海, siteid = 56065, sitename = 河南, lat = 34.44, lon = 101.36, height = 13500.00
2022-05-25 17:13:43 provname = 青海, siteid = 56067, sitename = 久治, lat = 33.26, lon = 101.29, height = 3628.50
2022-05-25 17:13:43 provname = 青海, siteid = 56125, sitename = 囊谦, lat = 32.12, lon = 96.28, height = 3643.70
2022-05-25 17:13:43 provname = 青海, siteid = 56151, sitename = 班玛, lat = 32.56, lon = 100.45, height = 13530.00
2022-05-25 17:13:43 provname = 山东, siteid = 54715, sitename = 陵县, lat = 37.19, lon = 116.31, height = 17.60
2022-05-25 17:13:43 provname = 山东, siteid = 54725, sitename = 惠民, lat = 37.30, lon = 117.32, height = 11.70
2022-05-25 17:13:43 provname = 山东, siteid = 54727, sitename = 章丘, lat = 36.41, lon = 117.33, height = 121.80
2022-05-25 17:13:43 provname = 山东, siteid = 54744, sitename = 垦利, lat = 37.35, lon = 118.33, height = 8.50
2022-05-25 17:13:43 provname = 山东, siteid = 54751, sitename = 长岛, lat = 37.56, lon = 120.44, height = 39.70
2022-05-25 17:13:43 provname = 山东, siteid = 54753, sitename = 龙口, lat = 37.38, lon = 120.20, height = 4.80
2022-05-25 17:13:43 provname = 山东, siteid = 54764, sitename = 福山, lat = 37.29, lon = 121.14, height = 53.90
2022-05-25 17:13:43 provname = 山东, siteid = 54774, sitename = 威海, lat = 37.28, lon = 122.08, height = 65.40
2022-05-25 17:13:43 provname = 山东, siteid = 54776, sitename = 成山头, lat = 37.24, lon = 122.42, height = 47.70
2022-05-25 17:13:43 provname = 山东, siteid = 54808, sitename = 莘县, lat = 36.14, lon = 115.38, height = 37.80
2022-05-25 17:13:43 provname = 山东, siteid = 54823, sitename = 济南, lat = 36.36, lon = 117.00, height = 170.30
2022-05-25 17:13:43 provname = 山东, siteid = 54826, sitename = 泰山, lat = 36.15, lon = 117.06, height = 1533.70
2022-05-25 17:13:43 provname = 山东, siteid = 54836, sitename = 沂源, lat = 36.11, lon = 118.10, height = 305.10
2022-05-25 17:13:43 provname = 山东, siteid = 54842, sitename = 平度, lat = 36.47, lon = 120.00, height = 62.20
2022-05-25 17:13:43 provname = 山东, siteid = 54843, sitename = 潍坊, lat = 36.45, lon = 119.12, height = 22.20
2022-05-25 17:13:43 provname = 山东, siteid = 54857, sitename = 青岛, lat = 36.04, lon = 120.20, height = 76.00
2022-05-25 17:13:43 provname = 山东, siteid = 54863, sitename = 海阳, lat = 36.47, lon = 121.11, height = 40.90
2022-05-25 17:13:43 provname = 山东, siteid = 54909, sitename = 定陶, lat = 35.05, lon = 115.31, height = 51.50
2022-05-25 17:13:43 provname = 山东, siteid = 54916, sitename = 兖州, lat = 35.34, lon = 116.51, height = 51.70
2022-05-25 17:13:43 provname = 山东, siteid = 54929, sitename = 费县, lat = 35.16, lon = 117.58, height = 121.20
2022-05-25 17:13:43 provname = 山东, siteid = 54936, sitename = 莒县, lat = 35.34, lon = 118.50, height = 107.40
2022-05-25 17:13:43 provname = 山东, siteid = 54945, sitename = 日照, lat = 35.28, lon = 119.33, height = 64.40
2022-05-25 17:13:43 provname = 山东, siteid = 58034, sitename = 郯城, lat = 34.36, lon = 118.19, height = 36.20
2022-05-25 17:13:43 provname = 山西, siteid = 53478, sitename = 右玉, lat = 40.00, lon = 112.27, height = 1345.80
2022-05-25 17:13:43 provname = 山西, siteid = 53487, sitename = 大同, lat = 40.05, lon = 113.25, height = 1052.60
2022-05-25 17:13:43 provname = 山西, siteid = 53490, sitename = 天镇, lat = 40.26, lon = 114.03, height = 1014.70
2022-05-25 17:13:43 provname = 山西, siteid = 53564, sitename = 河曲, lat = 39.22, lon = 111.13, height = 1036.00
2022-05-25 17:13:43 provname = 山西, siteid = 53578, sitename = 朔州, lat = 39.22, lon = 112.26, height = 1114.80
2022-05-25 17:13:43 provname = 山西, siteid = 53579, sitename = 代县, lat = 39.01, lon = 112.54, height = 859.70
2022-05-25 17:13:43 provname = 山西, siteid = 53588, sitename = 五台山, lat = 38.57, lon = 113.31, height = 2208.30
2022-05-25 17:13:43 provname = 山西, siteid = 53594, sitename = 灵邱, lat = 39.27, lon = 114.11, height = 938.70
2022-05-25 17:13:43 provname = 山西, siteid = 53663, sitename = 五寨, lat = 38.55, lon = 111.49, height = 1401.00
2022-05-25 17:13:43 provname = 山西, siteid = 53664, sitename = 兴县, lat = 38.28, lon = 111.08, height = 1012.60
2022-05-25 17:13:43 provname = 山西, siteid = 53673, sitename = 原平, lat = 38.44, lon = 112.43, height = 828.20
2022-05-25 17:13:43 provname = 山西, siteid = 53687, sitename = 平定, lat = 37.47, lon = 113.38, height = 753.00
2022-05-25 17:13:43 provname = 山西, siteid = 53764, sitename = 离石, lat = 37.30, lon = 111.06, height = 950.80
2022-05-25 17:13:43 provname = 山西, siteid = 53772, sitename = 太原, lat = 37.37, lon = 112.35, height = 776.30
2022-05-25 17:13:43 provname = 山西, siteid = 53775, sitename = 太谷, lat = 37.25, lon = 112.36, height = 785.80
2022-05-25 17:13:43 provname = 山西, siteid = 53787, sitename = 榆社, lat = 37.04, lon = 112.59, height = 1041.40
2022-05-25 17:13:43 provname = 山西, siteid = 53853, sitename = 隰县, lat = 36.42, lon = 110.57, height = 1052.70
2022-05-25 17:13:43 provname = 山西, siteid = 53859, sitename = 吉县, lat = 36.06, lon = 110.40, height = 851.30
2022-05-25 17:13:43 provname = 山西, siteid = 53863, sitename = 介休, lat = 37.04, lon = 111.57, height = 746.00
2022-05-25 17:13:43 provname = 山西, siteid = 53868, sitename = 临汾, lat = 36.04, lon = 111.30, height = 449.50
2022-05-25 17:13:43 provname = 山西, siteid = 53877, sitename = 安泽, lat = 36.10, lon = 112.15, height = 860.10
2022-05-25 17:13:43 provname = 山西, siteid = 53882, sitename = 长治, lat = 36.04, lon = 113.02, height = 1046.90
2022-05-25 17:13:43 provname = 山西, siteid = 53884, sitename = 襄坦, lat = 36.31, lon = 113.02, height = 877.90
2022-05-25 17:13:43 provname = 山西, siteid = 53959, sitename = 运城, lat = 35.07, lon = 111.04, height = 375.00
2022-05-25 17:13:43 provname = 山西, siteid = 53963, sitename = 侯马, lat = 35.39, lon = 111.22, height = 433.80
2022-05-25 17:13:43 provname = 山西, siteid = 53968, sitename = 垣曲, lat = 35.17, lon = 111.40, height = 505.00
2022-05-25 17:13:43 provname = 山西, siteid = 53975, sitename = 阳城, lat = 35.29, lon = 112.24, height = 659.50
2022-05-25 17:13:43 provname = 山西, siteid = 57052, sitename = 永济, lat = 34.53, lon = 110.27, height = 354.10
2022-05-25 17:13:43 provname = 陕西, siteid = 53646, sitename = 榆林, lat = 38.16, lon = 109.47, height = 1157.00
2022-05-25 17:13:43 provname = 陕西, siteid = 53651, sitename = 神木, lat = 38.49, lon = 110.28, height = 1098.00
2022-05-25 17:13:43 provname = 陕西, siteid = 53725, sitename = 定边, lat = 37.35, lon = 107.35, height = 1360.30
2022-05-25 17:13:43 provname = 陕西, siteid = 53735, sitename = 靖边, lat = 37.37, lon = 108.48, height = 1336.70
2022-05-25 17:13:43 provname = 陕西, siteid = 53738, sitename = 吴旗, lat = 36.55, lon = 108.10, height = 1331.40
2022-05-25 17:13:43 provname = 陕西, siteid = 53740, sitename = 横山, lat = 37.56, lon = 109.14, height = 1111.00
2022-05-25 17:13:43 provname = 陕西, siteid = 53754, sitename = 绥德, lat = 37.30, lon = 110.13, height = 929.70
2022-05-25 17:13:43 provname = 陕西, siteid = 53845, sitename = 延安, lat = 36.35, lon = 109.27, height = 1180.50
2022-05-25 17:13:43 provname = 陕西, siteid = 53854, sitename = 延长, lat = 36.35, lon = 110.04, height = 804.80
2022-05-25 17:13:43 provname = 陕西, siteid = 53929, sitename = 长武, lat = 35.12, lon = 107.48, height = 1206.50
2022-05-25 17:13:43 provname = 陕西, siteid = 53942, sitename = 洛川, lat = 35.46, lon = 109.25, height = 1155.90
2022-05-25 17:13:43 provname = 陕西, siteid = 53948, sitename = 蒲城, lat = 34.57, lon = 109.35, height = 499.20
2022-05-25 17:13:43 provname = 陕西, siteid = 53955, sitename = 韩城, lat = 35.28, lon = 110.27, height = 458.10
2022-05-25 17:13:43 provname = 陕西, siteid = 57003, sitename = 陇县, lat = 34.54, lon = 106.50, height = 924.20
2022-05-25 17:13:43 provname = 陕西, siteid = 57025, sitename = 凤翔, lat = 34.31, lon = 107.23, height = 781.10
2022-05-25 17:13:43 provname = 陕西, siteid = 57028, sitename = 太白, lat = 34.02, lon = 107.19, height = 1543.60
2022-05-25 17:13:43 provname = 陕西, siteid = 57030, sitename = 永寿, lat = 34.42, lon = 108.09, height = 994.60
2022-05-25 17:13:43 provname = 陕西, siteid = 57034, sitename = 武功, lat = 34.19, lon = 108.14, height = 471.00
2022-05-25 17:13:43 provname = 陕西, siteid = 57037, sitename = 耀县, lat = 34.56, lon = 108.59, height = 710.00
2022-05-25 17:13:43 provname = 陕西, siteid = 57046, sitename = 华山, lat = 34.29, lon = 110.05, height = 2064.90
2022-05-25 17:13:43 provname = 陕西, siteid = 57048, sitename = 秦都, lat = 34.24, lon = 108.43, height = 472.80
2022-05-25 17:13:43 provname = 陕西, siteid = 57049, sitename = 华县, lat = 34.31, lon = 109.44, height = 341.50
2022-05-25 17:13:43 provname = 陕西, siteid = 57106, sitename = 略阳, lat = 33.19, lon = 106.09, height = 794.20
2022-05-25 17:13:43 provname = 陕西, siteid = 57124, sitename = 留坝, lat = 33.38, lon = 106.56, height = 1032.10
2022-05-25 17:13:43 provname = 陕西, siteid = 57127, sitename = 汉中, lat = 33.04, lon = 107.02, height = 509.50
2022-05-25 17:13:43 provname = 陕西, siteid = 57131, sitename = 泾河, lat = 34.26, lon = 108.58, height = 410.00
2022-05-25 17:13:43 provname = 陕西, siteid = 57134, sitename = 佛坪, lat = 33.31, lon = 107.59, height = 827.20
2022-05-25 17:13:43 provname = 陕西, siteid = 57140, sitename = 柞水, lat = 33.40, lon = 109.07, height = 818.20
2022-05-25 17:13:43 provname = 陕西, siteid = 57143, sitename = 商县, lat = 33.52, lon = 109.58, height = 742.20
2022-05-25 17:13:43 provname = 陕西, siteid = 57144, sitename = 镇安, lat = 33.26, lon = 109.09, height = 693.70
2022-05-25 17:13:43 provname = 陕西, siteid = 57154, sitename = 商南, lat = 33.32, lon = 110.54, height = 523.00
2022-05-25 17:13:43 provname = 陕西, siteid = 57211, sitename = 宁强, lat = 32.50, lon = 106.15, height = 836.10
2022-05-25 17:13:43 provname = 陕西, siteid = 57232, sitename = 石泉, lat = 33.03, lon = 108.16, height = 484.90
2022-05-25 17:13:43 provname = 陕西, siteid = 57238, sitename = 镇巴, lat = 32.32, lon = 107.54, height = 693.90
2022-05-25 17:13:43 provname = 陕西, siteid = 57245, sitename = 安康, lat = 32.43, lon = 109.02, height = 290.80
2022-05-25 17:13:43 provname = 陕西, siteid = 57343, sitename = 镇坪, lat = 31.54, lon = 109.32, height = 995.80
2022-05-25 17:13:43 provname = 上海, siteid = 58362, sitename = 宝山, lat = 31.24, lon = 121.27, height = 5.50
2022-05-25 17:13:43 provname = 四川, siteid = 56038, sitename = 石渠, lat = 32.59, lon = 98.06, height = 14200.00
2022-05-25 17:13:43 provname = 四川, siteid = 56079, sitename = 若尔盖, lat = 33.35, lon = 102.58, height = 3441.40
2022-05-25 17:13:43 provname = 四川, siteid = 56144, sitename = 德格, lat = 31.48, lon = 98.35, height = 3184.00
2022-05-25 17:13:43 provname = 四川, siteid = 56146, sitename = 甘孜, lat = 31.37, lon = 100.00, height = 3393.50
2022-05-25 17:13:43 provname = 四川, siteid = 56152, sitename = 色达, lat = 32.17, lon = 100.20, height = 3893.90
2022-05-25 17:13:43 provname = 四川, siteid = 56167, sitename = 道孚, lat = 30.59, lon = 101.07, height = 2957.20
2022-05-25 17:13:43 provname = 四川, siteid = 56172, sitename = 马尔康, lat = 31.54, lon = 102.14, height = 2664.40
2022-05-25 17:13:43 provname = 四川, siteid = 56173, sitename = 红原, lat = 32.48, lon = 102.33, height = 3491.60
2022-05-25 17:13:43 provname = 四川, siteid = 56178, sitename = 小金, lat = 31.00, lon = 102.21, height = 2438.00
2022-05-25 17:13:43 provname = 四川, siteid = 56182, sitename = 松潘, lat = 32.40, lon = 103.36, height = 2881.30
2022-05-25 17:13:43 provname = 四川, siteid = 56187, sitename = 温江, lat = 30.45, lon = 103.52, height = 547.70
2022-05-25 17:13:43 provname = 四川, siteid = 56188, sitename = 都江堰, lat = 31.00, lon = 103.40, height = 698.50
2022-05-25 17:13:43 provname = 四川, siteid = 56196, sitename = 绵阳, lat = 31.27, lon = 104.44, height = 522.70
2022-05-25 17:13:43 provname = 四川, siteid = 56247, sitename = 巴塘, lat = 30.00, lon = 99.06, height = 2589.20
2022-05-25 17:13:43 provname = 四川, siteid = 56251, sitename = 新龙, lat = 30.56, lon = 100.19, height = 3000.00
2022-05-25 17:13:43 provname = 四川, siteid = 56257, sitename = 理塘, lat = 30.00, lon = 100.16, height = 3948.90
2022-05-25 17:13:43 provname = 四川, siteid = 56287, sitename = 雅安, lat = 29.59, lon = 103.00, height = 627.60
2022-05-25 17:13:43 provname = 四川, siteid = 56357, sitename = 稻城, lat = 29.03, lon = 100.18, height = 3727.70
2022-05-25 17:13:43 provname = 四川, siteid = 56374, sitename = 康定, lat = 30.03, lon = 101.58, height = 2615.70
2022-05-25 17:13:43 provname = 四川, siteid = 56385, sitename = 峨眉山, lat = 29.31, lon = 103.20, height = 3069.90
2022-05-25 17:13:43 provname = 四川, siteid = 56386, sitename = 乐山, lat = 29.34, lon = 103.45, height = 424.20
2022-05-25 17:13:43 provname = 四川, siteid = 56459, sitename = 木里, lat = 27.56, lon = 101.16, height = 2426.50
2022-05-25 17:13:43 provname = 四川, siteid = 56462, sitename = 九龙, lat = 29.00, lon = 101.30, height = 2925.00
2022-05-25 17:13:43 provname = 四川, siteid = 56475, sitename = 越西, lat = 28.39, lon = 102.31, height = 1659.50
2022-05-25 17:13:43 provname = 四川, siteid = 56479, sitename = 昭觉, lat = 28.00, lon = 102.51, height = 2132.40
2022-05-25 17:13:43 provname = 四川, siteid = 56485, sitename = 雷波, lat = 28.16, lon = 103.35, height = 1255.80
2022-05-25 17:13:43 provname = 四川, siteid = 56492, sitename = 宜宾, lat = 28.48, lon = 104.36, height = 340.80
2022-05-25 17:13:43 provname = 四川, siteid = 56565, sitename = 盐源, lat = 27.26, lon = 101.31, height = 2545.00
2022-05-25 17:13:43 provname = 四川, siteid = 56571, sitename = 西昌, lat = 27.54, lon = 102.16, height = 1590.90
2022-05-25 17:13:43 provname = 四川, siteid = 56666, sitename = 攀枝花, lat = 26.34, lon = 101.43, height = 1224.80
2022-05-25 17:13:43 provname = 四川, siteid = 56671, sitename = 会理, lat = 26.39, lon = 102.15, height = 1787.30
2022-05-25 17:13:43 provname = 四川, siteid = 57206, sitename = 广元, lat = 32.25, lon = 105.54, height = 545.40
2022-05-25 17:13:43 provname = 四川, siteid = 57237, sitename = 万源, lat = 32.04, lon = 108.02, height = 674.00
2022-05-25 17:13:43 provname = 四川, siteid = 57306, sitename = 阆中, lat = 31.35, lon = 105.59, height = 382.60
2022-05-25 17:13:43 provname = 四川, siteid = 57313, sitename = 巴中, lat = 31.52, lon = 106.46, height = 417.70
2022-05-25 17:13:43 provname = 四川, siteid = 57314, sitename = 南部, lat = 31.20, lon = 106.03, height = 405.70
2022-05-25 17:13:43 provname = 四川, siteid = 57328, sitename = 达县, lat = 31.12, lon = 107.30, height = 344.90
2022-05-25 17:13:43 provname = 四川, siteid = 57405, sitename = 遂宁, lat = 30.30, lon = 105.33, height = 355.00
2022-05-25 17:13:43 provname = 四川, siteid = 57411, sitename = 高坪区, lat = 30.44, lon = 106.07, height = 347.00
2022-05-25 17:13:43 provname = 四川, siteid = 57503, sitename = 东兴区, lat = 29.37, lon = 105.07, height = 349.70
2022-05-25 17:13:43 provname = 四川, siteid = 57604, sitename = 纳溪, lat = 28.47, lon = 105.23, height = 368.80
2022-05-25 17:13:43 provname = 四川, siteid = 57608, sitename = 叙永, lat = 28.10, lon = 105.26, height = 377.50
2022-05-25 17:13:43 provname = 天津, siteid = 54525, sitename = 宝坻, lat = 39.44, lon = 117.17, height = 5.10
2022-05-25 17:13:43 provname = 天津, siteid = 54527, sitename = 天津, lat = 39.05, lon = 117.03, height = 3.50
2022-05-25 17:13:43 provname = 天津, siteid = 54623, sitename = 塘沽, lat = 39.03, lon = 117.43, height = 4.80
2022-05-25 17:13:43 provname = 西藏, siteid = 55228, sitename = 狮泉河, lat = 32.30, lon = 80.05, height = 4278.60
2022-05-25 17:13:43 provname = 西藏, siteid = 55248, sitename = 改则, lat = 32.09, lon = 84.25, height = 4414.90
2022-05-25 17:13:43 provname = 西藏, siteid = 55279, sitename = 班戈, lat = 31.23, lon = 90.01, height = 14700.00
2022-05-25 17:13:43 provname = 西藏, siteid = 55294, sitename = 安多, lat = 32.21, lon = 91.06, height = 14800.00
2022-05-25 17:13:43 provname = 西藏, siteid = 55299, sitename = 那曲, lat = 31.29, lon = 92.04, height = 4507.00
2022-05-25 17:13:43 provname = 西藏, siteid = 55437, sitename = 普兰, lat = 30.17, lon = 81.15, height = 13900.00
2022-05-25 17:13:43 provname = 西藏, siteid = 55472, sitename = 申扎, lat = 30.57, lon = 88.38, height = 14672.00
2022-05-25 17:13:43 provname = 西藏, siteid = 55493, sitename = 当雄, lat = 30.29, lon = 91.06, height = 14200.00
2022-05-25 17:13:43 provname = 西藏, siteid = 55569, sitename = 拉孜, lat = 29.05, lon = 87.36, height = 14000.00
2022-05-25 17:13:43 provname = 西藏, siteid = 55578, sitename = 日喀则, lat = 29.15, lon = 88.53, height = 3836.00
2022-05-25 17:13:43 provname = 西藏, siteid = 55585, sitename = 尼木, lat = 29.26, lon = 90.10, height = 13809.40
2022-05-25 17:13:43 provname = 西藏, siteid = 55591, sitename = 拉萨, lat = 29.40, lon = 91.08, height = 3648.90
2022-05-25 17:13:43 provname = 西藏, siteid = 55598, sitename = 泽当, lat = 29.16, lon = 91.46, height = 3560.00
2022-05-25 17:13:43 provname = 西藏, siteid = 55655, sitename = 聂拉木, lat = 28.11, lon = 85.58, height = 13810.00
2022-05-25 17:13:43 provname = 西藏, siteid = 55664, sitename = 定日, lat = 28.38, lon = 87.05, height = 14300.00
2022-05-25 17:13:43 provname = 西藏, siteid = 55680, sitename = 江孜, lat = 28.55, lon = 89.36, height = 14040.00
2022-05-25 17:13:43 provname = 西藏, siteid = 55681, sitename = 浪卡子, lat = 28.58, lon = 90.24, height = 14431.70
2022-05-25 17:13:43 provname = 西藏, siteid = 55690, sitename = 错那, lat = 27.59, lon = 91.57, height = 14280.00
2022-05-25 17:13:43 provname = 西藏, siteid = 55696, sitename = 隆子, lat = 28.25, lon = 92.28, height = 13860.00
2022-05-25 17:13:43 provname = 西藏, siteid = 55773, sitename = 帕里, lat = 27.44, lon = 89.05, height = 14300.00
2022-05-25 17:13:43 provname = 西藏, siteid = 56106, sitename = 索县, lat = 31.53, lon = 93.47, height = 4022.80
2022-05-25 17:13:43 provname = 西藏, siteid = 56116, sitename = 丁青, lat = 31.25, lon = 95.36, height = 3873.10
2022-05-25 17:13:43 provname = 西藏, siteid = 56137, sitename = 昌都, lat = 31.09, lon = 97.10, height = 3315.00
2022-05-25 17:13:43 provname = 西藏, siteid = 56202, sitename = 嘉黎, lat = 30.40, lon = 93.17, height = 14488.80
2022-05-25 17:13:43 provname = 西藏, siteid = 56223, sitename = 洛隆, lat = 30.45, lon = 95.50, height = 13640.00
2022-05-25 17:13:43 provname = 西藏, siteid = 56227, sitename = 波密, lat = 29.52, lon = 95.46, height = 12736.00
2022-05-25 17:13:43 provname = 西藏, siteid = 56312, sitename = ?林芝, lat = 29.40, lon = 94.20, height = 2991.80
2022-05-25 17:13:43 provname = 西藏, siteid = 56331, sitename = 左贡, lat = 29.40, lon = 97.50, height = 13780.00
2022-05-25 17:13:43 provname = 西藏, siteid = 56434, sitename = 察隅, lat = 28.39, lon = 97.28, height = 2327.60
2022-05-25 17:13:43 provname = 新疆, siteid = 51053, sitename = 哈巴河, lat = 48.03, lon = 86.24, height = 532.60
2022-05-25 17:13:43 provname = 新疆, siteid = 51059, sitename = 吉木乃, lat = 47.27, lon = 85.53, height = 968.20
2022-05-25 17:13:43 provname = 新疆, siteid = 51060, sitename = 布尔津, lat = 47.42, lon = 86.52, height = 473.90
2022-05-25 17:13:43 provname = 新疆, siteid = 51068, sitename = 福海, lat = 47.07, lon = 87.29, height = 497.00
2022-05-25 17:13:43 provname = 新疆, siteid = 51076, sitename = 阿勒泰, lat = 47.44, lon = 88.05, height = 735.30
2022-05-25 17:13:43 provname = 新疆, siteid = 51087, sitename = 富蕴, lat = 46.59, lon = 89.31, height = 807.50
2022-05-25 17:13:43 provname = 新疆, siteid = 51133, sitename = 塔城, lat = 46.44, lon = 83.00, height = 534.90
2022-05-25 17:13:43 provname = 新疆, siteid = 51156, sitename = 和布克赛尔, lat = 46.49, lon = 85.45, height = 1322.10
2022-05-25 17:13:43 provname = 新疆, siteid = 51186, sitename = 青河, lat = 46.40, lon = 90.23, height = 1218.20
2022-05-25 17:13:43 provname = 新疆, siteid = 51232, sitename = 阿拉山口, lat = 45.11, lon = 82.34, height = 336.10
2022-05-25 17:13:43 provname = 新疆, siteid = 51238, sitename = 博乐, lat = 44.54, lon = 82.04, height = 532.20
2022-05-25 17:13:43 provname = 新疆, siteid = 51241, sitename = 托里, lat = 45.56, lon = 83.36, height = 1094.20
2022-05-25 17:13:43 provname = 新疆, siteid = 51243, sitename = 克拉玛依, lat = 45.37, lon = 84.51, height = 450.30
2022-05-25 17:13:43 provname = 新疆, siteid = 51288, sitename = 北塔山, lat = 45.22, lon = 90.32, height = 1653.70
2022-05-25 17:13:43 provname = 新疆, siteid = 51330, sitename = 温泉, lat = 44.58, lon = 81.01, height = 1357.80
2022-05-25 17:13:43 provname = 新疆, siteid = 51334, sitename = 精河, lat = 44.34, lon = 82.49, height = 329.20
2022-05-25 17:13:43 provname = 新疆, siteid = 51346, sitename = 乌苏, lat = 44.26, lon = 84.40, height = 478.70
2022-05-25 17:13:43 provname = 新疆, siteid = 51358, sitename = 乌兰乌苏, lat = 44.17, lon = 85.49, height = 468.50
2022-05-25 17:13:43 provname = 新疆, siteid = 51365, sitename = 蔡家湖, lat = 44.12, lon = 87.32, height = 440.50
2022-05-25 17:13:43 provname = 新疆, siteid = 51367, sitename = 呼图壁, lat = 44.10, lon = 86.51, height = 575.10
2022-05-25 17:13:43 provname = 新疆, siteid = 51379, sitename = 奇台, lat = 44.01, lon = 89.34, height = 793.50
2022-05-25 17:13:43 provname = 新疆, siteid = 51431, sitename = 伊宁, lat = 43.57, lon = 81.20, height = 662.50
2022-05-25 17:13:43 provname = 新疆, siteid = 51433, sitename = 尼勒克, lat = 43.48, lon = 82.31, height = 1105.30
2022-05-25 17:13:43 provname = 新疆, siteid = 51437, sitename = 昭苏, lat = 43.09, lon = 81.08, height = 1851.00
2022-05-25 17:13:43 provname = 新疆, siteid = 51463, sitename = 乌鲁木齐, lat = 43.47, lon = 87.39, height = 935.00
2022-05-25 17:13:43 provname = 新疆, siteid = 51467, sitename = 巴仑台, lat = 42.46, lon = 86.20, height = 1732.40
2022-05-25 17:13:43 provname = 新疆, siteid = 51469, sitename = 乌鲁木齐牧试站, lat = 43.27, lon = 87.11, height = 1930.00
2022-05-25 17:13:43 provname = 新疆, siteid = 51470, sitename = 天池, lat = 43.53, lon = 88.07, height = 1942.50
2022-05-25 17:13:43 provname = 新疆, siteid = 51477, sitename = 达坂城, lat = 43.21, lon = 88.19, height = 1103.50
2022-05-25 17:13:43 provname = 新疆, siteid = 51495, sitename = 十三间房, lat = 43.13, lon = 91.44, height = 721.40
2022-05-25 17:13:43 provname = 新疆, siteid = 51526, sitename = 库米什, lat = 42.14, lon = 88.13, height = 922.40
2022-05-25 17:13:43 provname = 新疆, siteid = 51542, sitename = 巴音布鲁克, lat = 43.02, lon = 84.09, height = 2458.00
2022-05-25 17:13:43 provname = 新疆, siteid = 51567, sitename = 焉耆, lat = 42.05, lon = 86.34, height = 1055.30
2022-05-25 17:13:43 provname = 新疆, siteid = 51573, sitename = 吐鲁番, lat = 42.57, lon = 89.14, height = 39.30
2022-05-25 17:13:43 provname = 新疆, siteid = 51581, sitename = 鄯善, lat = 42.51, lon = 90.14, height = 398.60
2022-05-25 17:13:43 provname = 新疆, siteid = 51628, sitename = 阿克苏, lat = 41.07, lon = 80.23, height = 1107.10
2022-05-25 17:13:43 provname = 新疆, siteid = 51633, sitename = 拜城, lat = 41.47, lon = 81.54, height = 1229.20
2022-05-25 17:13:43 provname = 新疆, siteid = 51639, sitename = 沙雅, lat = 41.14, lon = 82.47, height = 980.40
2022-05-25 17:13:43 provname = 新疆, siteid = 51642, sitename = 轮台, lat = 41.49, lon = 84.16, height = 982.00
2022-05-25 17:13:43 provname = 新疆, siteid = 51644, sitename = 库车, lat = 41.43, lon = 82.58, height = 1081.90
2022-05-25 17:13:43 provname = 新疆, siteid = 51655, sitename = 尉犁, lat = 41.21, lon = 86.16, height = 884.90
2022-05-25 17:13:43 provname = 新疆, siteid = 51656, sitename = 库尔勒, lat = 41.44, lon = 85.49, height = 899.80
2022-05-25 17:13:43 provname = 新疆, siteid = 51701, sitename = 吐尔尕特, lat = 40.31, lon = 75.24, height = 3504.40
2022-05-25 17:13:43 provname = 新疆, siteid = 51704, sitename = 阿图什, lat = 39.43, lon = 76.10, height = 1298.70
2022-05-25 17:13:43 provname = 新疆, siteid = 51705, sitename = 乌恰, lat = 39.43, lon = 75.15, height = 2175.70
2022-05-25 17:13:43 provname = 新疆, siteid = 51709, sitename = 喀什, lat = 39.29, lon = 75.45, height = 1385.60
2022-05-25 17:13:43 provname = 新疆, siteid = 51711, sitename = 阿合奇, lat = 40.56, lon = 78.27, height = 1985.10
2022-05-25 17:13:43 provname = 新疆, siteid = 51716, sitename = 巴楚, lat = 39.48, lon = 78.34, height = 1116.50
2022-05-25 17:13:43 provname = 新疆, siteid = 51720, sitename = 柯坪, lat = 40.30, lon = 79.03, height = 1161.80
2022-05-25 17:13:43 provname = 新疆, siteid = 51730, sitename = 阿拉尔, lat = 40.33, lon = 81.16, height = 1012.20
2022-05-25 17:13:43 provname = 新疆, siteid = 51747, sitename = 塔中, lat = 39.00, lon = 83.40, height = 1099.30
2022-05-25 17:13:43 provname = 新疆, siteid = 51765, sitename = 铁干里克, lat = 40.38, lon = 87.42, height = 846.00
2022-05-25 17:13:43 provname = 新疆, siteid = 51777, sitename = 若羌, lat = 39.02, lon = 88.10, height = 887.70
2022-05-25 17:13:43 provname = 新疆, siteid = 51804, sitename = 塔什库尔干, lat = 37.46, lon = 75.14, height = 3090.10
2022-05-25 17:13:43 provname = 新疆, siteid = 51810, sitename = 麦盖提, lat = 38.55, lon = 77.38, height = 1178.20
2022-05-25 17:13:43 provname = 新疆, siteid = 51811, sitename = 莎车, lat = 38.26, lon = 77.16, height = 1231.20
2022-05-25 17:13:43 provname = 新疆, siteid = 51818, sitename = 皮山, lat = 37.37, lon = 78.17, height = 1375.40
2022-05-25 17:13:43 provname = 新疆, siteid = 51828, sitename = 和田, lat = 37.08, lon = 79.56, height = 1375.00
2022-05-25 17:13:43 provname = 新疆, siteid = 51839, sitename = 民丰, lat = 37.04, lon = 82.43, height = 1409.50
2022-05-25 17:13:43 provname = 新疆, siteid = 51855, sitename = 且末, lat = 38.09, lon = 85.33, height = 1247.20
2022-05-25 17:13:43 provname = 新疆, siteid = 51931, sitename = 于田, lat = 36.51, lon = 81.39, height = 1422.00
2022-05-25 17:13:43 provname = 新疆, siteid = 52101, sitename = 巴里坤, lat = 43.36, lon = 93.03, height = 1679.40
2022-05-25 17:13:43 provname = 新疆, siteid = 52112, sitename = 淖毛湖, lat = 43.45, lon = 94.59, height = 479.00
2022-05-25 17:13:43 provname = 新疆, siteid = 52118, sitename = 伊吾, lat = 43.16, lon = 94.42, height = 1728.60
2022-05-25 17:13:43 provname = 新疆, siteid = 52203, sitename = 哈密, lat = 42.49, lon = 93.31, height = 737.20
2022-05-25 17:13:43 provname = 新疆, siteid = 52313, sitename = 红柳河, lat = 41.32, lon = 94.40, height = 1573.80
2022-05-25 17:13:43 provname = 云南, siteid = 56444, sitename = 德钦, lat = 28.29, lon = 98.55, height = 3319.00
2022-05-25 17:13:43 provname = 云南, siteid = 56533, sitename = 贡山, lat = 27.45, lon = 98.40, height = 1583.30
2022-05-25 17:13:43 provname = 云南, siteid = 56543, sitename = 香格里拉, lat = 27.51, lon = 99.45, height = 3341.50
2022-05-25 17:13:43 provname = 云南, siteid = 56548, sitename = 维西, lat = 27.10, lon = 99.17, height = 2326.10
2022-05-25 17:13:43 provname = 云南, siteid = 56586, sitename = 昭通昭阳, lat = 27.21, lon = 103.43, height = 1949.50
2022-05-25 17:13:43 provname = 云南, siteid = 56643, sitename = 六库, lat = 25.52, lon = 98.51, height = 949.90
2022-05-25 17:13:43 provname = 云南, siteid = 56651, sitename = 丽江, lat = 26.51, lon = 100.13, height = 2380.90
2022-05-25 17:13:43 provname = 云南, siteid = 56664, sitename = 华坪, lat = 26.38, lon = 101.16, height = 1230.80
2022-05-25 17:13:43 provname = 云南, siteid = 56684, sitename = 会泽, lat = 26.24, lon = 103.15, height = 2188.30
2022-05-25 17:13:43 provname = 云南, siteid = 56739, sitename = 腾冲, lat = 24.59, lon = 98.30, height = 1695.90
2022-05-25 17:13:43 provname = 云南, siteid = 56748, sitename = 保山隆阳, lat = 25.07, lon = 99.11, height = 1652.20
2022-05-25 17:13:43 provname = 云南, siteid = 56751, sitename = 大理, lat = 25.42, lon = 100.11, height = 1990.50
2022-05-25 17:13:43 provname = 云南, siteid = 56763, sitename = 元谋, lat = 25.44, lon = 101.52, height = 1120.60
2022-05-25 17:13:43 provname = 云南, siteid = 56768, sitename = 楚雄, lat = 25.02, lon = 101.33, height = 1824.10
2022-05-25 17:13:43 provname = 云南, siteid = 56778, sitename = 昆明, lat = 25.00, lon = 102.39, height = 1888.10
2022-05-25 17:13:43 provname = 云南, siteid = 56786, sitename = 沾益, lat = 25.35, lon = 103.50, height = 1898.70
2022-05-25 17:13:43 provname = 云南, siteid = 56838, sitename = 瑞丽, lat = 24.00, lon = 97.51, height = 762.90
2022-05-25 17:13:43 provname = 云南, siteid = 56856, sitename = 景东, lat = 24.28, lon = 100.52, height = 1162.30
2022-05-25 17:13:43 provname = 云南, siteid = 56872, sitename = 太华山, lat = 24.57, lon = 102.37, height = 2358.30
2022-05-25 17:13:43 provname = 云南, siteid = 56875, sitename = 玉溪红塔, lat = 24.20, lon = 102.33, height = 1716.90
2022-05-25 17:13:43 provname = 云南, siteid = 56886, sitename = 泸西, lat = 24.32, lon = 103.46, height = 1704.30
2022-05-25 17:13:43 provname = 云南, siteid = 56946, sitename = 耿马, lat = 23.33, lon = 99.24, height = 1104.90
2022-05-25 17:13:43 provname = 云南, siteid = 56950, sitename = 双江, lat = 23.28, lon = 99.48, height = 1044.10
2022-05-25 17:13:43 provname = 云南, siteid = 56951, sitename = 临沧, lat = 23.53, lon = 100.05, height = 1502.40
2022-05-25 17:13:43 provname = 云南, siteid = 56954, sitename = 澜沧, lat = 22.34, lon = 99.56, height = 1054.80
2022-05-25 17:13:43 provname = 云南, siteid = 56959, sitename = 景洪, lat = 22.00, lon = 100.47, height = 582.00
2022-05-25 17:13:43 provname = 云南, siteid = 56964, sitename = 思茅, lat = 22.47, lon = 100.58, height = 1302.10
2022-05-25 17:13:43 provname = 云南, siteid = 56966, sitename = 元江, lat = 23.36, lon = 101.59, height = 400.90
2022-05-25 17:13:43 provname = 云南, siteid = 56969, sitename = 勐腊, lat = 21.28, lon = 101.34, height = 633.40
2022-05-25 17:13:43 provname = 云南, siteid = 56977, sitename = 江城, lat = 22.35, lon = 101.51, height = 1120.50
2022-05-25 17:13:43 provname = 云南, siteid = 56985, sitename = 蒙自, lat = 23.26, lon = 103.19, height = 1313.60
2022-05-25 17:13:43 provname = 云南, siteid = 56986, sitename = 屏边, lat = 22.59, lon = 103.41, height = 1414.10
2022-05-25 17:13:43 provname = 云南, siteid = 56991, sitename = 砚山, lat = 23.37, lon = 104.20, height = 1561.10
2022-05-25 17:13:43 provname = 云南, siteid = 59007, sitename = 广南, lat = 24.04, lon = 105.04, height = 1249.60
2022-05-25 17:13:43 provname = 浙江, siteid = 58448, sitename = 临安, lat = 30.13, lon = 119.42, height = 117.60
2022-05-25 17:13:43 provname = 浙江, siteid = 58450, sitename = 湖州, lat = 30.52, lon = 120.03, height = 7.40
2022-05-25 17:13:43 provname = 浙江, siteid = 58457, sitename = 杭州, lat = 30.14, lon = 120.10, height = 41.70
2022-05-25 17:13:43 provname = 浙江, siteid = 58464, sitename = 平湖, lat = 30.39, lon = 121.07, height = 4.00
2022-05-25 17:13:43 provname = 浙江, siteid = 58467, sitename = 慈溪, lat = 30.12, lon = 121.16, height = 4.50
2022-05-25 17:13:43 provname = 浙江, siteid = 58472, sitename = 嵊泗, lat = 30.44, lon = 122.27, height = 79.60
2022-05-25 17:13:43 provname = 浙江, siteid = 58477, sitename = 定海, lat = 30.02, lon = 122.06, height = 35.70
2022-05-25 17:13:43 provname = 浙江, siteid = 58543, sitename = 淳安, lat = 29.37, lon = 119.01, height = 171.40
2022-05-25 17:13:43 provname = 浙江, siteid = 58549, sitename = 金华, lat = 29.07, lon = 119.39, height = 62.60
2022-05-25 17:13:43 provname = 浙江, siteid = 58553, sitename = 上虞, lat = 30.03, lon = 120.49, height = 6.40
2022-05-25 17:13:43 provname = 浙江, siteid = 58556, sitename = 嵊州, lat = 29.36, lon = 120.49, height = 104.30
2022-05-25 17:13:43 provname = 浙江, siteid = 58557, sitename = 义乌, lat = 29.20, lon = 120.05, height = 90.00
2022-05-25 17:13:43 provname = 浙江, siteid = 58562, sitename = 鄞县, lat = 29.48, lon = 121.30, height = 6.20
2022-05-25 17:13:43 provname = 浙江, siteid = 58569, sitename = 石浦, lat = 29.12, lon = 121.57, height = 128.40
2022-05-25 17:13:43 provname = 浙江, siteid = 58633, sitename = 衢州, lat = 29.00, lon = 118.54, height = 82.40
2022-05-25 17:13:43 provname = 浙江, siteid = 58646, sitename = 丽水, lat = 28.28, lon = 119.56, height = 59.70
2022-05-25 17:13:43 provname = 浙江, siteid = 58652, sitename = 仙居, lat = 28.52, lon = 120.43, height = 83.00
2022-05-25 17:13:43 provname = 浙江, siteid = 58665, sitename = 洪家, lat = 28.37, lon = 121.25, height = 4.60
2022-05-25 17:13:43 provname = 浙江, siteid = 58666, sitename = 大陈, lat = 28.27, lon = 121.54, height = 86.20
2022-05-25 17:13:43 provname = 浙江, siteid = 58667, sitename = 玉环, lat = 28.05, lon = 121.16, height = 95.90
2022-05-25 17:13:43 provname = 浙江, siteid = 58742, sitename = 云和, lat = 28.06, lon = 119.34, height = 163.00
2022-05-25 17:13:43 provname = 浙江, siteid = 58752, sitename = 瑞安, lat = 27.47, lon = 120.39, height = 39.70
2022-05-25 17:13:43 provname = 浙江, siteid = 58760, sitename = 洞头, lat = 27.50, lon = 121.09, height = 68.60
2022-05-25 17:13:43 provname = 重庆, siteid = 57348, sitename = 奉节, lat = 31.01, lon = 109.32, height = 299.80
2022-05-25 17:13:43 provname = 重庆, siteid = 57426, sitename = 梁平, lat = 30.41, lon = 107.48, height = 454.50
2022-05-25 17:13:43 provname = 重庆, siteid = 57432, sitename = 万州, lat = 30.46, lon = 108.24, height = 186.70
2022-05-25 17:13:43 provname = 重庆, siteid = 57502, sitename = 大足, lat = 29.42, lon = 105.42, height = 394.70
2022-05-25 17:13:43 provname = 重庆, siteid = 57512, sitename = 合川, lat = 29.58, lon = 106.16, height = 364.50
2022-05-25 17:13:43 provname = 重庆, siteid = 57516, sitename = 沙坪坝, lat = 29.35, lon = 106.28, height = 259.10
2022-05-25 17:13:43 provname = 重庆, siteid = 57517, sitename = 江津, lat = 29.17, lon = 106.15, height = 261.40
2022-05-25 17:13:43 provname = 重庆, siteid = 57520, sitename = 长寿, lat = 29.50, lon = 107.04, height = 377.60
2022-05-25 17:13:43 provname = 重庆, siteid = 57523, sitename = 丰都, lat = 29.51, lon = 107.44, height = 290.50
2022-05-25 17:13:43 provname = 重庆, siteid = 57536, sitename = 黔江, lat = 29.31, lon = 108.46, height = 786.90
2022-05-25 17:13:43 provname = 重庆, siteid = 57612, sitename = 綦江, lat = 29.00, lon = 106.39, height = 474.70
2022-05-25 17:13:43 provname = 重庆, siteid = 57633, sitename = 酉阳, lat = 28.47, lon = 108.48, height = 419.30
crtsurfdata2 运行结束。
