2022-06-06 15:38:12 ftp.login ok.
2022-06-06 15:38:12 filename=SURF_ZH_20220605201434_4428.csv=
2022-06-06 15:38:12 filename=SURF_ZH_20220605201434_4428.json=
2022-06-06 15:38:12 filename=SURF_ZH_20220605201434_4428.xml=
2022-06-06 15:38:12 filename=SURF_ZH_20220605201534_4476.csv=
2022-06-06 15:38:12 filename=SURF_ZH_20220605201534_4476.json=
2022-06-06 15:38:12 filename=SURF_ZH_20220605201534_4476.xml=
2022-06-06 15:38:12 get /home/wydxry/demo/idc/tmp/surfdata/SURF_ZH_20220605201434_4428.csv ...2022-06-06 15:38:12 get /home/wydxry/demo/idc/tmp/surfdata/SURF_ZH_20220605201434_4428.json ...2022-06-06 15:38:12 get /home/wydxry/demo/idc/tmp/surfdata/SURF_ZH_20220605201434_4428.xml ...2022-06-06 15:38:12 get /home/wydxry/demo/idc/tmp/surfdata/SURF_ZH_20220605201534_4476.csv ...2022-06-06 15:38:12 get /home/wydxry/demo/idc/tmp/surfdata/SURF_ZH_20220605201534_4476.json ...2022-06-06 15:38:12 get /home/wydxry/demo/idc/tmp/surfdata/SURF_ZH_20220605201534_4476.xml ..._ftpgetfiles() ok.
2022-06-06 15:38:22 ftp.login ok.
_ftpgetfiles() ok.
2022-06-06 15:38:32 ftp.login ok.
2022-06-06 15:38:32 filename=SURF_ZH_20220605201434_4428.csv=
2022-06-06 15:38:32 filename=SURF_ZH_20220605201434_4428.json=
2022-06-06 15:38:32 filename=SURF_ZH_20220605201434_4428.xml=
2022-06-06 15:38:32 filename=SURF_ZH_20220605201534_4476.csv=
2022-06-06 15:38:32 filename=SURF_ZH_20220605201534_4476.json=
2022-06-06 15:38:32 filename=SURF_ZH_20220605201534_4476.xml=
2022-06-06 15:38:32 get /home/wydxry/demo/idc/tmp/surfdata/SURF_ZH_20220605201434_4428.csv ...2022-06-06 15:38:32 get /home/wydxry/demo/idc/tmp/surfdata/SURF_ZH_20220605201434_4428.json ...2022-06-06 15:38:32 get /home/wydxry/demo/idc/tmp/surfdata/SURF_ZH_20220605201434_4428.xml ...2022-06-06 15:38:32 get /home/wydxry/demo/idc/tmp/surfdata/SURF_ZH_20220605201534_4476.csv ...2022-06-06 15:38:32 get /home/wydxry/demo/idc/tmp/surfdata/SURF_ZH_20220605201534_4476.json ...2022-06-06 15:38:32 get /home/wydxry/demo/idc/tmp/surfdata/SURF_ZH_20220605201534_4476.xml ..._ftpgetfiles() ok.
2022-06-06 15:38:44 ftp.login ok.
2022-06-06 15:38:44 filename=SURF_ZH_20220605201434_4428.csv=
2022-06-06 15:38:44 filename=SURF_ZH_20220605201434_4428.json=
2022-06-06 15:38:44 filename=SURF_ZH_20220605201434_4428.xml=
2022-06-06 15:38:44 filename=SURF_ZH_20220605201534_4476.csv=
2022-06-06 15:38:44 filename=SURF_ZH_20220605201534_4476.json=
2022-06-06 15:38:44 filename=SURF_ZH_20220605201534_4476.xml=
2022-06-06 15:38:44 get /home/wydxry/demo/idc/tmp/surfdata/SURF_ZH_20220605201434_4428.csv ...2022-06-06 15:38:45 get /home/wydxry/demo/idc/tmp/surfdata/SURF_ZH_20220605201434_4428.json ...2022-06-06 15:38:45 get /home/wydxry/demo/idc/tmp/surfdata/SURF_ZH_20220605201434_4428.xml ...2022-06-06 15:38:45 get /home/wydxry/demo/idc/tmp/surfdata/SURF_ZH_20220605201534_4476.csv ...2022-06-06 15:38:45 get /home/wydxry/demo/idc/tmp/surfdata/SURF_ZH_20220605201534_4476.json ...2022-06-06 15:38:45 get /home/wydxry/demo/idc/tmp/surfdata/SURF_ZH_20220605201534_4476.xml ..._ftpgetfiles() ok.
2022-06-06 15:38:56 ftp.login ok.
_ftpgetfiles() ok.
2022-06-06 15:39:25 ftp.login ok.
2022-06-06 15:39:25 _ftpgetfiles() ok.
