
2022-05-26 21:21:41 客户端（127.0.0.1）已连接。
2022-05-26 21:21:41 服务器端发送信息：<retcode>-1</retcode><message>用户未登录。</message>
2022-05-26 21:21:41 子进程退出，sig=0。
2022-05-26 21:22:26 客户端（127.0.0.1）已连接。
2022-05-26 21:22:26 服务器端发送信息：<retcode>-1</retcode><message>用户未登录。</message>
2022-05-26 21:22:26 子进程退出，sig=0。
2022-05-26 21:23:36 父进程退出，sig=2。
2022-05-26 21:23:45 客户端（127.0.0.1）已连接。
2022-05-26 21:23:45 服务器端发送信息：<retcode>-1</retcode><message>用户未登录。</message>
2022-05-26 21:23:45 子进程退出，sig=0。
2022-05-26 21:23:50 客户端（127.0.0.1）已连接。
2022-05-26 21:23:50 服务器端发送信息：<retcode>-1</retcode><message>用户未登录。</message>
2022-05-26 21:23:50 子进程退出，sig=0。
2022-05-26 21:29:27 客户端（127.0.0.1）已连接。
2022-05-26 21:29:27 服务器端发送信息：<retcode>-1</retcode><message>用户未登录。</message>
2022-05-26 21:29:27 子进程退出，sig=0。
2022-05-26 21:30:58 父进程退出，sig=2。
2022-05-26 21:31:06 客户端（127.0.0.1）已连接。
2022-05-26 21:31:06 服务器端发送信息：<retcode>-1</retcode><message>用户未登录。</message>
2022-05-26 21:31:06 子进程退出，sig=0。
2022-05-26 21:33:58 父进程退出，sig=2。
2022-05-26 21:34:06 客户端（127.0.0.1）已连接。
2022-05-26 21:34:06 服务器端发送信息：<retcode>-1</retcode><message>用户未登录。</message>
2022-05-26 21:34:06 子进程退出，sig=0。
2022-05-26 21:35:08 父进程退出，sig=2。
2022-05-26 21:35:15 客户端（127.0.0.1）已连接。
2022-05-26 21:35:15 服务器端发送信息：<retcode>-1</retcode><message>用户未登录。</message>
2022-05-26 21:35:15 子进程退出，sig=0。
2022-05-26 22:32:08 父进程退出，sig=2。
2022-05-26 22:32:16 客户端（127.0.0.1）已连接。
2022-05-26 22:32:16 服务器端接收信息：<srvcode>1</srvcode><tel>1392220000</tel><password>123456</password>
2022-05-26 22:32:16 服务器端发送信息：<retcode>-1</retcode><message>用户未登录。</message>
2022-05-26 22:32:16 子进程退出，sig=0。
2022-05-26 22:32:21 父进程退出，sig=2。
2022-05-26 22:39:03 客户端（127.0.0.1）已连接。
2022-05-26 22:39:03 服务器端接收信息：<srvcode>1</srvcode><tel>1392220000</tel><password>123456</password>
2022-05-26 22:39:03 服务器端发送信息：<retcode>-1</retcode><message>用户未登录。</message>
2022-05-26 22:39:03 子进程退出，sig=0。
2022-05-26 22:39:06 父进程退出，sig=2。


2022-05-26 22:41:12 客户端（127.0.0.1）已连接。
2022-05-26 22:41:12 服务器端接收信息：<srvcode>1</srvcode><tel>1392220000</tel><password>123456</password>
2022-05-26 22:41:12 服务器端发送信息：<retcode>-1</retcode><message>用户未登录。</message>
2022-05-26 22:41:12 子进程退出，sig=0。
2022-05-26 22:43:26 父进程退出，sig=2。
2022-05-26 22:43:30 客户端（127.0.0.1）已连接。
2022-05-26 22:43:30 服务器端接收信息：<srvcode>1</srvcode><tel>1392220000</tel><password>123456</password>
2022-05-26 22:43:30 服务器端发送信息：<retcode>-1</retcode><message>用户未登录。</message>
2022-05-26 22:43:30 子进程退出，sig=0。
2022-05-26 22:44:59 父进程退出，sig=2。
2022-05-26 22:45:02 客户端（127.0.0.1）已连接。
2022-05-26 22:45:02 服务器端接收信息：<srvcode>1</srvcode><tel>1392220000</tel><password>123456</password>
2022-05-26 22:45:02 服务器端发送信息：<retcode>-1</retcode><message>用户未登录。</message>
2022-05-26 22:45:02 子进程退出，sig=0。

2022-05-26 22:45:36 父进程退出，sig=2。
2022-05-26 22:45:40 客户端（127.0.0.1）已连接。
2022-05-26 22:45:40 服务器端接收信息：<srvcode>1</srvcode><tel>1392220000</tel><password>123456</password>
2022-05-26 22:45:40 服务器端发送信息：<retcode>-1</retcode><message>用户未登录。</message>
2022-05-26 22:45:40 子进程退出，sig=0。
2022-05-26 22:50:24 父进程退出，sig=2。
2022-05-26 22:50:31 客户端（127.0.0.1）已连接。
2022-05-26 22:50:31 服务器端接收信息：<srvcode>1</srvcode><tel>1392220000</tel><password>123456</password>
2022-05-26 22:50:31 服务器端发送信息：<retcode>-1</retcode><message>用户未登录。</message>
2022-05-26 22:50:31 子进程退出，sig=0。
2022-05-26 22:50:35 父进程退出，sig=2。


2022-05-26 22:50:54 客户端（127.0.0.1）已连接。
2022-05-26 22:50:54 服务器端接收信息：<srvcode>1</srvcode><tel>1392220000</tel><password>123456</password>
2022-05-26 22:50:54 服务器端发送信息：<retcode>-1</retcode><message>用户未登录。</message>
2022-05-26 22:50:54 子进程退出，sig=0。
2022-05-26 22:52:40 父进程退出，sig=2。
2022-05-26 22:52:43 客户端（127.0.0.1）已连接。
2022-05-26 22:52:43 服务器端接收信息：<srvcode>2</srvcode><cardid>62620000000001</cardid>
2022-05-26 22:52:43 服务器端发送信息：<retcode>-1</retcode><message>用户未登录。</message>
2022-05-26 22:52:43 子进程退出，sig=0。
2022-05-26 22:52:50 父进程退出，sig=2。
2022-05-26 22:53:43 客户端（127.0.0.1）已连接。
2022-05-26 22:53:43 服务器端接收信息：<srvcode>1</srvcode><tel>1392220000</tel><password>123456</password>
2022-05-26 22:53:43 服务器端发送信息：<retcode>-1</retcode><message>用户未登录。</message>
2022-05-26 22:53:43 子进程退出，sig=0。
2022-05-26 22:54:14 父进程退出，sig=2。
2022-05-26 22:54:18 客户端（127.0.0.1）已连接。
2022-05-26 22:54:18 服务器端接收信息：<srvcode>1</srvcode><tel>1392220000</tel><password>123456</password>
2022-05-26 22:54:18 服务器端发送信息：<retcode>0</retcode><message>成功。</message>
2022-05-26 22:54:18 服务器端接收信息：<srvcode>2</srvcode><cardid>62620000000001</cardid>
2022-05-26 22:54:18 服务器端发送信息：<retcode>0</retcode><message>成功。</message><ye>100.58</ye>
2022-05-26 22:54:18 子进程退出，sig=0。
2022-05-26 22:55:22 父进程退出，sig=2。
2022-05-26 22:55:26 客户端（127.0.0.1）已连接。
2022-05-26 22:55:26 服务器端接收信息：<srvcode>1</srvcode><tel>1392220000</tel><password>123456</password>
2022-05-26 22:55:26 服务器端发送信息：<retcode>0</retcode><message>成功。</message>
2022-05-26 22:55:26 服务器端接收信息：<srvcode>2</srvcode><cardid>62620000000001</cardid>
2022-05-26 22:55:26 服务器端发送信息：<retcode>0</retcode><message>成功。</message><ye>100.58</ye>
2022-05-26 22:55:26 子进程退出，sig=0。


2022-05-26 22:55:37 客户端（127.0.0.1）已连接。
2022-05-26 22:55:37 服务器端接收信息：<srvcode>1</srvcode><tel>1392220000</tel><password>123456</password>
2022-05-26 22:55:37 服务器端发送信息：<retcode>0</retcode><message>成功。</message>
2022-05-26 22:55:37 服务器端接收信息：<srvcode>2</srvcode><cardid>62620000000001</cardid>
2022-05-26 22:55:37 服务器端发送信息：<retcode>0</retcode><message>成功。</message><ye>100.58</ye>
2022-05-26 22:55:37 子进程退出，sig=0。
2022-05-26 22:56:00 父进程退出，sig=2。
2022-05-26 22:56:08 客户端（127.0.0.1）已连接。
2022-05-26 22:56:08 服务器端接收信息：<srvcode>1</srvcode><tel>1392220000</tel><password>123456</password>
2022-05-26 22:56:08 服务器端发送信息：<retcode>0</retcode><message>成功。</message>
2022-05-26 22:56:08 服务器端接收信息：<srvcode>2</srvcode><cardid>62620000000001</cardid>
2022-05-26 22:56:08 服务器端发送信息：<retcode>0</retcode><message>成功。</message><ye>100.58</ye>
2022-05-26 22:56:08 子进程退出，sig=0。
2022-05-26 22:56:14 客户端（127.0.0.1）已连接。
2022-05-26 22:56:14 服务器端接收信息：<srvcode>1</srvcode><tel>1392220000</tel><password>123456</password>
2022-05-26 22:56:14 服务器端发送信息：<retcode>0</retcode><message>成功。</message>
2022-05-26 22:56:14 服务器端接收信息：<srvcode>2</srvcode><cardid>62620000000001</cardid>
2022-05-26 22:56:14 服务器端发送信息：<retcode>0</retcode><message>成功。</message><ye>100.58</ye>
2022-05-26 22:56:14 子进程退出，sig=0。
2022-05-26 22:56:35 客户端（127.0.0.1）已连接。
2022-05-26 22:56:35 服务器端接收信息：<srvcode>1</srvcode><tel>1392220000</tel><password>123456</password>
2022-05-26 22:56:35 服务器端发送信息：<retcode>0</retcode><message>成功。</message>
2022-05-26 22:56:35 服务器端接收信息：<srvcode>2</srvcode><cardid>62620000000001</cardid>
2022-05-26 22:56:35 服务器端发送信息：<retcode>0</retcode><message>成功。</message><ye>100.58</ye>
2022-05-26 22:56:35 子进程退出，sig=0。
2022-05-26 22:58:05 父进程退出，sig=2。
2022-05-26 22:58:08 客户端（127.0.0.1）已连接。
2022-05-26 22:58:08 服务器端接收信息：<srvcode>1</srvcode><tel>1392220000</tel><password>123456</password>
2022-05-26 22:58:08 服务器端发送信息：<retcode>0</retcode><message>成功。</message>
2022-05-26 22:58:08 服务器端接收信息：<srvcode>2</srvcode><cardid>62620000000001</cardid>
2022-05-26 22:58:08 服务器端发送信息：<retcode>0</retcode><message>成功。</message><ye>100.58</ye>
2022-05-26 22:58:08 子进程退出，sig=0。
2022-05-26 22:58:37 父进程退出，sig=2。
2022-05-26 22:58:41 客户端（127.0.0.1）已连接。
2022-05-26 22:58:41 服务器端接收信息：<srvcode>1</srvcode><tel>1392220000</tel><password>123456</password>
2022-05-26 22:58:41 tel: 1392220000
2022-05-26 22:58:41 password: 123456
2022-05-26 22:58:41 服务器端发送信息：<retcode>0</retcode><message>成功。</message>
2022-05-26 22:58:41 服务器端接收信息：<srvcode>2</srvcode><cardid>62620000000001</cardid>
2022-05-26 22:58:41 服务器端发送信息：<retcode>0</retcode><message>成功。</message><ye>100.58</ye>
2022-05-26 22:58:41 子进程退出，sig=0。
2022-05-26 22:59:22 父进程退出，sig=2。
2022-05-26 23:00:33 客户端（127.0.0.1）已连接。
2022-05-26 23:00:33 服务器端接收信息：<srvcode>1</srvcode><tel>1392220000</tel><password>123456</password>
2022-05-26 23:00:33 tel: 1392220000
2022-05-26 23:00:33 password: 123456
2022-05-26 23:00:33 服务器端发送信息：<retcode>0</retcode><message>成功。</message>
2022-05-26 23:00:33 服务器端接收信息：<srvcode>2</srvcode><cardid>62620000000001</cardid>
2022-05-26 23:00:33 服务器端发送信息：<retcode>0</retcode><message>成功。</message><ye>100.58</ye>
2022-05-26 23:00:33 子进程退出，sig=0。
2022-05-26 23:00:42 父进程退出，sig=2。
